 접속한 클라이언트 IP : 0:0:0:0:0:0:0:1
 접근한 URL 경로 : /JSPBook/welcome.jsp
 요청 처리 시작 시간 : 2020-08-02 07:25:11
 요청 처리 종료 시간 : 2020-08-02 07:25:11
 요청 처리 소요 시간 : 75ms
===========================================================
 접속한 클라이언트 IP : 0:0:0:0:0:0:0:1
 접근한 URL 경로 : /JSPBook/products.jsp
 요청 처리 시작 시간 : 2020-08-02 07:26:05
 요청 처리 종료 시간 : 2020-08-02 07:26:05
 요청 처리 소요 시간 : 9ms
===========================================================
 접속한 클라이언트 IP : 0:0:0:0:0:0:0:1
 접근한 URL 경로 : /JSPBook/product.jsp?id=P1234
 요청 처리 시작 시간 : 2020-08-02 07:26:11
 요청 처리 종료 시간 : 2020-08-02 07:26:11
 요청 처리 소요 시간 : 7ms
===========================================================
 접속한 클라이언트 IP : 0:0:0:0:0:0:0:1
 접근한 URL 경로 : /JSPBook/security/login.jsp?error=1
 요청 처리 시작 시간 : 2020-08-02 07:26:29
 요청 처리 종료 시간 : 2020-08-02 07:26:29
 요청 처리 소요 시간 : 2ms
===========================================================
 접속한 클라이언트 IP : 0:0:0:0:0:0:0:1
 접근한 URL 경로 : /JSPBook/addProduct.jsp
 요청 처리 시작 시간 : 2020-08-02 07:26:35
 요청 처리 종료 시간 : 2020-08-02 07:26:35
 요청 처리 소요 시간 : 46ms
===========================================================
 접속한 클라이언트 IP : 0:0:0:0:0:0:0:1
 접근한 URL 경로 : /JSPBook/processAddProduct.jsp
 요청 처리 시작 시간 : 2020-08-02 07:27:19
 요청 처리 종료 시간 : 2020-08-02 07:27:19
 요청 처리 소요 시간 : 152ms
===========================================================
 접속한 클라이언트 IP : 0:0:0:0:0:0:0:1
 접근한 URL 경로 : /JSPBook/products.jsp
 요청 처리 시작 시간 : 2020-08-02 07:27:19
 요청 처리 종료 시간 : 2020-08-02 07:27:19
 요청 처리 소요 시간 : 2ms
===========================================================
 접속한 클라이언트 IP : 0:0:0:0:0:0:0:1
 접근한 URL 경로 : /JSPBook/addProduct.jsp
 요청 처리 시작 시간 : 2020-08-02 07:27:24
 요청 처리 종료 시간 : 2020-08-02 07:27:24
 요청 처리 소요 시간 : 3ms
===========================================================
 접속한 클라이언트 IP : 0:0:0:0:0:0:0:1
 접근한 URL 경로 : /JSPBook/security/logout.jsp
 요청 처리 시작 시간 : 2020-08-02 07:27:26
 요청 처리 종료 시간 : 2020-08-02 07:27:26
 요청 처리 소요 시간 : 5ms
===========================================================
 접속한 클라이언트 IP : 0:0:0:0:0:0:0:1
 접근한 URL 경로 : /JSPBook/products.jsp
 요청 처리 시작 시간 : 2020-08-02 07:27:32
 요청 처리 종료 시간 : 2020-08-02 07:27:32
 요청 처리 소요 시간 : 1ms
===========================================================
 접속한 클라이언트 IP : 0:0:0:0:0:0:0:1
 접근한 URL 경로 : /JSPBook/welcome.jsp
 요청 처리 시작 시간 : 2020-08-06 09:31:31
 요청 처리 종료 시간 : 2020-08-06 09:31:32
 요청 처리 소요 시간 : 615ms
===========================================================
 접속한 클라이언트 IP : 0:0:0:0:0:0:0:1
 접근한 URL 경로 : /JSPBook/products.jsp
 요청 처리 시작 시간 : 2020-08-06 09:31:37
 요청 처리 종료 시간 : 2020-08-06 09:31:37
 요청 처리 소요 시간 : 106ms
===========================================================
 접속한 클라이언트 IP : 0:0:0:0:0:0:0:1
 접근한 URL 경로 : /JSPBook/product.jsp?id=P1234
 요청 처리 시작 시간 : 2020-08-06 09:31:46
 요청 처리 종료 시간 : 2020-08-06 09:31:46
 요청 처리 소요 시간 : 116ms
===========================================================
 접속한 클라이언트 IP : 0:0:0:0:0:0:0:1
 접근한 URL 경로 : /JSPBook/product.jsp?id=P1234
 요청 처리 시작 시간 : 2020-08-06 09:44:48
 요청 처리 종료 시간 : 2020-08-06 09:44:48
 요청 처리 소요 시간 : 105ms
===========================================================
 접속한 클라이언트 IP : 0:0:0:0:0:0:0:1
 접근한 URL 경로 : /JSPBook/products.jsp
 요청 처리 시작 시간 : 2020-08-06 10:23:37
 요청 처리 종료 시간 : 2020-08-06 10:23:37
 요청 처리 소요 시간 : 13ms
===========================================================
 접속한 클라이언트 IP : 0:0:0:0:0:0:0:1
 접근한 URL 경로 : /JSPBook/product.jsp?id=P1236
 요청 처리 시작 시간 : 2020-08-06 10:23:43
 요청 처리 종료 시간 : 2020-08-06 10:23:43
 요청 처리 소요 시간 : 103ms
===========================================================
 접속한 클라이언트 IP : 0:0:0:0:0:0:0:1
 접근한 URL 경로 : /JSPBook/product.jsp?id=P1234
 요청 처리 시작 시간 : 2020-08-06 13:22:36
 요청 처리 종료 시간 : 2020-08-06 13:22:36
 요청 처리 소요 시간 : 13ms
===========================================================
 접속한 클라이언트 IP : 0:0:0:0:0:0:0:1
 접근한 URL 경로 : /JSPBook/products.jsp
 요청 처리 시작 시간 : 2020-08-06 13:42:30
 요청 처리 종료 시간 : 2020-08-06 13:42:30
 요청 처리 소요 시간 : 38ms
===========================================================
 접속한 클라이언트 IP : 0:0:0:0:0:0:0:1
 접근한 URL 경로 : /JSPBook/product.jsp?id=P1234
 요청 처리 시작 시간 : 2020-08-06 13:42:31
 요청 처리 종료 시간 : 2020-08-06 13:42:31
 요청 처리 소요 시간 : 5ms
===========================================================
 접속한 클라이언트 IP : 0:0:0:0:0:0:0:1
 접근한 URL 경로 : /JSPBook/cart.jsp
 요청 처리 시작 시간 : 2020-08-06 13:42:35
 요청 처리 종료 시간 : 2020-08-06 13:42:36
 요청 처리 소요 시간 : 509ms
===========================================================
 접속한 클라이언트 IP : 0:0:0:0:0:0:0:1
 접근한 URL 경로 : /JSPBook/addCart.jsp?P1234
 요청 처리 시작 시간 : 2020-08-06 13:42:43
 요청 처리 종료 시간 : 2020-08-06 13:42:43
 요청 처리 소요 시간 : 173ms
===========================================================
 접속한 클라이언트 IP : 0:0:0:0:0:0:0:1
 접근한 URL 경로 : /JSPBook/products.jsp
 요청 처리 시작 시간 : 2020-08-06 13:42:43
 요청 처리 종료 시간 : 2020-08-06 13:42:43
 요청 처리 소요 시간 : 3ms
===========================================================
 접속한 클라이언트 IP : 0:0:0:0:0:0:0:1
 접근한 URL 경로 : /JSPBook/product.jsp?id=P1234
 요청 처리 시작 시간 : 2020-08-06 13:42:50
 요청 처리 종료 시간 : 2020-08-06 13:42:50
 요청 처리 소요 시간 : 3ms
===========================================================
 접속한 클라이언트 IP : 0:0:0:0:0:0:0:1
 접근한 URL 경로 : /JSPBook/cart.jsp
 요청 처리 시작 시간 : 2020-08-06 13:42:59
 요청 처리 종료 시간 : 2020-08-06 13:42:59
 요청 처리 소요 시간 : 4ms
===========================================================
 접속한 클라이언트 IP : 0:0:0:0:0:0:0:1
 접근한 URL 경로 : /JSPBook/products.jsp
 요청 처리 시작 시간 : 2020-08-06 13:43:02
 요청 처리 종료 시간 : 2020-08-06 13:43:02
 요청 처리 소요 시간 : 3ms
===========================================================
 접속한 클라이언트 IP : 0:0:0:0:0:0:0:1
 접근한 URL 경로 : /JSPBook/products.jsp
 요청 처리 시작 시간 : 2020-08-06 13:43:25
 요청 처리 종료 시간 : 2020-08-06 13:43:25
 요청 처리 소요 시간 : 169ms
===========================================================
 접속한 클라이언트 IP : 0:0:0:0:0:0:0:1
 접근한 URL 경로 : /JSPBook/cart.jsp
 요청 처리 시작 시간 : 2020-08-06 13:43:26
 요청 처리 종료 시간 : 2020-08-06 13:43:26
 요청 처리 소요 시간 : 98ms
===========================================================
 접속한 클라이언트 IP : 0:0:0:0:0:0:0:1
 접근한 URL 경로 : /JSPBook/.deleteCart.jsp?cartId=063BEDC4588DB0DF889A52B22734C36C
 요청 처리 시작 시간 : 2020-08-06 13:44:04
 요청 처리 종료 시간 : 2020-08-06 13:44:04
 요청 처리 소요 시간 : 0ms
===========================================================
 접속한 클라이언트 IP : 0:0:0:0:0:0:0:1
 접근한 URL 경로 : /JSPBook/cart.jsp
 요청 처리 시작 시간 : 2020-08-06 13:45:54
 요청 처리 종료 시간 : 2020-08-06 13:45:54
 요청 처리 소요 시간 : 2ms
===========================================================
 접속한 클라이언트 IP : 0:0:0:0:0:0:0:1
 접근한 URL 경로 : /JSPBook/.deleteCart.jsp?cartId=063BEDC4588DB0DF889A52B22734C36C
 요청 처리 시작 시간 : 2020-08-06 13:45:56
 요청 처리 종료 시간 : 2020-08-06 13:45:56
 요청 처리 소요 시간 : 0ms
===========================================================
 접속한 클라이언트 IP : 0:0:0:0:0:0:0:1
 접근한 URL 경로 : /JSPBook/cart.jsp
 요청 처리 시작 시간 : 2020-08-06 13:46:34
 요청 처리 종료 시간 : 2020-08-06 13:46:34
 요청 처리 소요 시간 : 94ms
===========================================================
 접속한 클라이언트 IP : 0:0:0:0:0:0:0:1
 접근한 URL 경로 : /JSPBook/deleteCart.jsp?cartId=063BEDC4588DB0DF889A52B22734C36C
 요청 처리 시작 시간 : 2020-08-06 13:46:35
 요청 처리 종료 시간 : 2020-08-06 13:46:36
 요청 처리 소요 시간 : 80ms
===========================================================
 접속한 클라이언트 IP : 0:0:0:0:0:0:0:1
 접근한 URL 경로 : /JSPBook/cart.jsp
 요청 처리 시작 시간 : 2020-08-06 13:46:36
 요청 처리 종료 시간 : 2020-08-06 13:46:36
 요청 처리 소요 시간 : 0ms
===========================================================
 접속한 클라이언트 IP : 0:0:0:0:0:0:0:1
 접근한 URL 경로 : /JSPBook/welcome.jsp
 요청 처리 시작 시간 : 2020-08-06 13:46:48
 요청 처리 종료 시간 : 2020-08-06 13:46:48
 요청 처리 소요 시간 : 115ms
===========================================================
 접속한 클라이언트 IP : 0:0:0:0:0:0:0:1
 접근한 URL 경로 : /JSPBook/cart.jsp
 요청 처리 시작 시간 : 2020-08-06 13:46:49
 요청 처리 종료 시간 : 2020-08-06 13:46:49
 요청 처리 소요 시간 : 2ms
===========================================================
 접속한 클라이언트 IP : 0:0:0:0:0:0:0:1
 접근한 URL 경로 : /JSPBook/deleteCart.jsp?cartId=8517A4A52C8E071A8826116FAD60A3BA
 요청 처리 시작 시간 : 2020-08-06 13:47:10
 요청 처리 종료 시간 : 2020-08-06 13:47:10
 요청 처리 소요 시간 : 1ms
===========================================================
 접속한 클라이언트 IP : 0:0:0:0:0:0:0:1
 접근한 URL 경로 : /JSPBook/cart.jsp
 요청 처리 시작 시간 : 2020-08-06 13:47:10
 요청 처리 종료 시간 : 2020-08-06 13:47:10
 요청 처리 소요 시간 : 1ms
===========================================================
 접속한 클라이언트 IP : 0:0:0:0:0:0:0:1
 접근한 URL 경로 : /JSPBook/deleteCart.jsp?cartId=11B9A837A51B9A481945BDF08B3B7956
 요청 처리 시작 시간 : 2020-08-06 13:47:13
 요청 처리 종료 시간 : 2020-08-06 13:47:13
 요청 처리 소요 시간 : 1ms
===========================================================
 접속한 클라이언트 IP : 0:0:0:0:0:0:0:1
 접근한 URL 경로 : /JSPBook/cart.jsp
 요청 처리 시작 시간 : 2020-08-06 13:47:13
 요청 처리 종료 시간 : 2020-08-06 13:47:13
 요청 처리 소요 시간 : 0ms
===========================================================
 접속한 클라이언트 IP : 0:0:0:0:0:0:0:1
 접근한 URL 경로 : /JSPBook/deleteCart.jsp?cartId=03FFF0E39CB5203D9ABBB921CC7F0DC9
 요청 처리 시작 시간 : 2020-08-06 13:47:15
 요청 처리 종료 시간 : 2020-08-06 13:47:15
 요청 처리 소요 시간 : 1ms
===========================================================
 접속한 클라이언트 IP : 0:0:0:0:0:0:0:1
 접근한 URL 경로 : /JSPBook/cart.jsp
 요청 처리 시작 시간 : 2020-08-06 13:47:15
 요청 처리 종료 시간 : 2020-08-06 13:47:15
 요청 처리 소요 시간 : 2ms
===========================================================
 접속한 클라이언트 IP : 0:0:0:0:0:0:0:1
 접근한 URL 경로 : /JSPBook/products.jsp
 요청 처리 시작 시간 : 2020-08-06 13:48:19
 요청 처리 종료 시간 : 2020-08-06 13:48:19
 요청 처리 소요 시간 : 2ms
===========================================================
 접속한 클라이언트 IP : 0:0:0:0:0:0:0:1
 접근한 URL 경로 : /JSPBook/product.jsp?id=P1234
 요청 처리 시작 시간 : 2020-08-06 13:48:20
 요청 처리 종료 시간 : 2020-08-06 13:48:20
 요청 처리 소요 시간 : 96ms
===========================================================
 접속한 클라이언트 IP : 0:0:0:0:0:0:0:1
 접근한 URL 경로 : /JSPBook/cart.jsp
 요청 처리 시작 시간 : 2020-08-06 13:48:22
 요청 처리 종료 시간 : 2020-08-06 13:48:22
 요청 처리 소요 시간 : 1ms
===========================================================
 접속한 클라이언트 IP : 0:0:0:0:0:0:0:1
 접근한 URL 경로 : /JSPBook/product.jsp?id=P1234
 요청 처리 시작 시간 : 2020-08-06 13:49:33
 요청 처리 종료 시간 : 2020-08-06 13:49:33
 요청 처리 소요 시간 : 2ms
===========================================================
 접속한 클라이언트 IP : 0:0:0:0:0:0:0:1
 접근한 URL 경로 : /JSPBook/cart.jsp
 요청 처리 시작 시간 : 2020-08-06 13:49:33
 요청 처리 종료 시간 : 2020-08-06 13:49:33
 요청 처리 소요 시간 : 1ms
===========================================================
 접속한 클라이언트 IP : 0:0:0:0:0:0:0:1
 접근한 URL 경로 : /JSPBook/deleteCart.jsp?cartId=E135AD9F035B8EF0C81554558CE16D0C
 요청 처리 시작 시간 : 2020-08-06 13:49:34
 요청 처리 종료 시간 : 2020-08-06 13:49:34
 요청 처리 소요 시간 : 58ms
===========================================================
 접속한 클라이언트 IP : 0:0:0:0:0:0:0:1
 접근한 URL 경로 : /JSPBook/cart.jsp
 요청 처리 시작 시간 : 2020-08-06 13:49:35
 요청 처리 종료 시간 : 2020-08-06 13:49:35
 요청 처리 소요 시간 : 0ms
===========================================================
 접속한 클라이언트 IP : 0:0:0:0:0:0:0:1
 접근한 URL 경로 : /JSPBook/products.jsp
 요청 처리 시작 시간 : 2020-08-06 13:49:44
 요청 처리 종료 시간 : 2020-08-06 13:49:44
 요청 처리 소요 시간 : 37ms
===========================================================
 접속한 클라이언트 IP : 0:0:0:0:0:0:0:1
 접근한 URL 경로 : /JSPBook/product.jsp?id=P1234
 요청 처리 시작 시간 : 2020-08-06 13:49:46
 요청 처리 종료 시간 : 2020-08-06 13:49:46
 요청 처리 소요 시간 : 4ms
===========================================================
 접속한 클라이언트 IP : 0:0:0:0:0:0:0:1
 접근한 URL 경로 : /JSPBook/products.jsp
 요청 처리 시작 시간 : 2020-08-06 13:49:49
 요청 처리 종료 시간 : 2020-08-06 13:49:49
 요청 처리 소요 시간 : 2ms
===========================================================
 접속한 클라이언트 IP : 0:0:0:0:0:0:0:1
 접근한 URL 경로 : /JSPBook/cart.jsp
 요청 처리 시작 시간 : 2020-08-06 13:49:51
 요청 처리 종료 시간 : 2020-08-06 13:49:51
 요청 처리 소요 시간 : 5ms
===========================================================
 접속한 클라이언트 IP : 0:0:0:0:0:0:0:1
 접근한 URL 경로 : /JSPBook/deleteCart.jsp?cartId=37CFCB5F6E56E0E60D32773E6DB1A872
 요청 처리 시작 시간 : 2020-08-06 13:49:52
 요청 처리 종료 시간 : 2020-08-06 13:49:52
 요청 처리 소요 시간 : 3ms
===========================================================
 접속한 클라이언트 IP : 0:0:0:0:0:0:0:1
 접근한 URL 경로 : /JSPBook/cart.jsp
 요청 처리 시작 시간 : 2020-08-06 13:49:52
 요청 처리 종료 시간 : 2020-08-06 13:49:52
 요청 처리 소요 시간 : 0ms
===========================================================
 접속한 클라이언트 IP : 0:0:0:0:0:0:0:1
 접근한 URL 경로 : /JSPBook/deleteCart.jsp?cartId=E977F52BAABC828686B65E0480F53E79
 요청 처리 시작 시간 : 2020-08-06 13:50:01
 요청 처리 종료 시간 : 2020-08-06 13:50:01
 요청 처리 소요 시간 : 1ms
===========================================================
 접속한 클라이언트 IP : 0:0:0:0:0:0:0:1
 접근한 URL 경로 : /JSPBook/cart.jsp
 요청 처리 시작 시간 : 2020-08-06 13:50:01
 요청 처리 종료 시간 : 2020-08-06 13:50:01
 요청 처리 소요 시간 : 1ms
===========================================================
 접속한 클라이언트 IP : 0:0:0:0:0:0:0:1
 접근한 URL 경로 : /JSPBook/deleteCart.jsp?cartId=4D0D54A2FBFED7DB4A499B5FD1ECBBE6
 요청 처리 시작 시간 : 2020-08-06 13:50:02
 요청 처리 종료 시간 : 2020-08-06 13:50:02
 요청 처리 소요 시간 : 0ms
===========================================================
 접속한 클라이언트 IP : 0:0:0:0:0:0:0:1
 접근한 URL 경로 : /JSPBook/cart.jsp
 요청 처리 시작 시간 : 2020-08-06 13:50:02
 요청 처리 종료 시간 : 2020-08-06 13:50:02
 요청 처리 소요 시간 : 0ms
===========================================================
 접속한 클라이언트 IP : 0:0:0:0:0:0:0:1
 접근한 URL 경로 : /JSPBook/deleteCart.jsp?cartId=7B6B63AD70732115D03D2593AB98028E
 요청 처리 시작 시간 : 2020-08-06 13:50:03
 요청 처리 종료 시간 : 2020-08-06 13:50:03
 요청 처리 소요 시간 : 1ms
===========================================================
 접속한 클라이언트 IP : 0:0:0:0:0:0:0:1
 접근한 URL 경로 : /JSPBook/cart.jsp
 요청 처리 시작 시간 : 2020-08-06 13:50:03
 요청 처리 종료 시간 : 2020-08-06 13:50:03
 요청 처리 소요 시간 : 1ms
===========================================================
 접속한 클라이언트 IP : 0:0:0:0:0:0:0:1
 접근한 URL 경로 : /JSPBook/deleteCart.jsp?cartId=F1B7ABC72C5DB79AA9A6AA62E64823CA
 요청 처리 시작 시간 : 2020-08-06 13:50:04
 요청 처리 종료 시간 : 2020-08-06 13:50:04
 요청 처리 소요 시간 : 0ms
===========================================================
 접속한 클라이언트 IP : 0:0:0:0:0:0:0:1
 접근한 URL 경로 : /JSPBook/cart.jsp
 요청 처리 시작 시간 : 2020-08-06 13:50:04
 요청 처리 종료 시간 : 2020-08-06 13:50:04
 요청 처리 소요 시간 : 0ms
===========================================================
 접속한 클라이언트 IP : 0:0:0:0:0:0:0:1
 접근한 URL 경로 : /JSPBook/deleteCart.jsp?cartId=033CA4610110927F5EA90C758C5A6E97
 요청 처리 시작 시간 : 2020-08-06 13:50:04
 요청 처리 종료 시간 : 2020-08-06 13:50:04
 요청 처리 소요 시간 : 1ms
===========================================================
 접속한 클라이언트 IP : 0:0:0:0:0:0:0:1
 접근한 URL 경로 : /JSPBook/cart.jsp
 요청 처리 시작 시간 : 2020-08-06 13:50:04
 요청 처리 종료 시간 : 2020-08-06 13:50:04
 요청 처리 소요 시간 : 1ms
===========================================================
 접속한 클라이언트 IP : 0:0:0:0:0:0:0:1
 접근한 URL 경로 : /JSPBook/deleteCart.jsp
 요청 처리 시작 시간 : 2020-08-06 13:50:18
 요청 처리 종료 시간 : 2020-08-06 13:50:18
 요청 처리 소요 시간 : 36ms
===========================================================
 접속한 클라이언트 IP : 0:0:0:0:0:0:0:1
 접근한 URL 경로 : /JSPBook/products.jsp
 요청 처리 시작 시간 : 2020-08-06 13:50:18
 요청 처리 종료 시간 : 2020-08-06 13:50:18
 요청 처리 소요 시간 : 5ms
===========================================================
 접속한 클라이언트 IP : 0:0:0:0:0:0:0:1
 접근한 URL 경로 : /JSPBook/product.jsp?id=P1234
 요청 처리 시작 시간 : 2020-08-06 13:50:20
 요청 처리 종료 시간 : 2020-08-06 13:50:20
 요청 처리 소요 시간 : 4ms
===========================================================
 접속한 클라이언트 IP : 0:0:0:0:0:0:0:1
 접근한 URL 경로 : /JSPBook/cart.jsp
 요청 처리 시작 시간 : 2020-08-06 13:50:21
 요청 처리 종료 시간 : 2020-08-06 13:50:21
 요청 처리 소요 시간 : 4ms
===========================================================
 접속한 클라이언트 IP : 0:0:0:0:0:0:0:1
 접근한 URL 경로 : /JSPBook/deleteCart.jsp?cartId=9EE661D88EDB33E749531714BA837311
 요청 처리 시작 시간 : 2020-08-06 13:50:24
 요청 처리 종료 시간 : 2020-08-06 13:50:24
 요청 처리 소요 시간 : 2ms
===========================================================
 접속한 클라이언트 IP : 0:0:0:0:0:0:0:1
 접근한 URL 경로 : /JSPBook/cart.jsp
 요청 처리 시작 시간 : 2020-08-06 13:50:24
 요청 처리 종료 시간 : 2020-08-06 13:50:24
 요청 처리 소요 시간 : 0ms
===========================================================
 접속한 클라이언트 IP : 0:0:0:0:0:0:0:1
 접근한 URL 경로 : /JSPBook/products.jsp
 요청 처리 시작 시간 : 2020-08-06 13:51:44
 요청 처리 종료 시간 : 2020-08-06 13:51:44
 요청 처리 소요 시간 : 4ms
===========================================================
 접속한 클라이언트 IP : 0:0:0:0:0:0:0:1
 접근한 URL 경로 : /JSPBook/product.jsp?id=P1235
 요청 처리 시작 시간 : 2020-08-06 13:52:36
 요청 처리 종료 시간 : 2020-08-06 13:52:36
 요청 처리 소요 시간 : 3ms
===========================================================
 접속한 클라이언트 IP : 0:0:0:0:0:0:0:1
 접근한 URL 경로 : /JSPBook/product.jsp?id=P1234
 요청 처리 시작 시간 : 2020-08-06 13:52:39
 요청 처리 종료 시간 : 2020-08-06 13:52:39
 요청 처리 소요 시간 : 1ms
===========================================================
 접속한 클라이언트 IP : 0:0:0:0:0:0:0:1
 접근한 URL 경로 : /JSPBook/product.jsp?id=P1236
 요청 처리 시작 시간 : 2020-08-06 13:52:42
 요청 처리 종료 시간 : 2020-08-06 13:52:42
 요청 처리 소요 시간 : 2ms
===========================================================
 접속한 클라이언트 IP : 0:0:0:0:0:0:0:1
 접근한 URL 경로 : /JSPBook/product.jsp?id=P1234
 요청 처리 시작 시간 : 2020-08-06 13:52:55
 요청 처리 종료 시간 : 2020-08-06 13:52:55
 요청 처리 소요 시간 : 3ms
===========================================================
 접속한 클라이언트 IP : 0:0:0:0:0:0:0:1
 접근한 URL 경로 : /JSPBook/product.jsp?id=P1234
 요청 처리 시작 시간 : 2020-08-06 13:54:48
 요청 처리 종료 시간 : 2020-08-06 13:54:49
 요청 처리 소요 시간 : 488ms
===========================================================
 접속한 클라이언트 IP : 0:0:0:0:0:0:0:1
 접근한 URL 경로 : /JSPBook/addCart.jsp?id=P1234
 요청 처리 시작 시간 : 2020-08-06 13:54:52
 요청 처리 종료 시간 : 2020-08-06 13:54:52
 요청 처리 소요 시간 : 3ms
===========================================================
 접속한 클라이언트 IP : 0:0:0:0:0:0:0:1
 접근한 URL 경로 : /JSPBook/product.jsp?id=P1234
 요청 처리 시작 시간 : 2020-08-06 13:54:52
 요청 처리 종료 시간 : 2020-08-06 13:54:52
 요청 처리 소요 시간 : 0ms
===========================================================
 접속한 클라이언트 IP : 0:0:0:0:0:0:0:1
 접근한 URL 경로 : /JSPBook/addCart.jsp?id=P1234
 요청 처리 시작 시간 : 2020-08-06 13:55:52
 요청 처리 종료 시간 : 2020-08-06 13:55:52
 요청 처리 소요 시간 : 158ms
===========================================================
 접속한 클라이언트 IP : 0:0:0:0:0:0:0:1
 접근한 URL 경로 : /JSPBook/product.jsp?id=P1234
 요청 처리 시작 시간 : 2020-08-06 13:55:52
 요청 처리 종료 시간 : 2020-08-06 13:55:52
 요청 처리 소요 시간 : 5ms
===========================================================
 접속한 클라이언트 IP : 0:0:0:0:0:0:0:1
 접근한 URL 경로 : /JSPBook/cart.jsp
 요청 처리 시작 시간 : 2020-08-06 13:55:56
 요청 처리 종료 시간 : 2020-08-06 13:55:56
 요청 처리 소요 시간 : 1ms
===========================================================
 접속한 클라이언트 IP : 0:0:0:0:0:0:0:1
 접근한 URL 경로 : /JSPBook/removeCart.jsp?id=P1234
 요청 처리 시작 시간 : 2020-08-06 13:56:07
 요청 처리 종료 시간 : 2020-08-06 13:56:07
 요청 처리 소요 시간 : 0ms
===========================================================
 접속한 클라이언트 IP : 0:0:0:0:0:0:0:1
 접근한 URL 경로 : /JSPBook/deleteCart.jsp?cartId=F6E3A5E89590C5E63E992D8ED6A92169
 요청 처리 시작 시간 : 2020-08-06 13:56:11
 요청 처리 종료 시간 : 2020-08-06 13:56:11
 요청 처리 소요 시간 : 1ms
===========================================================
 접속한 클라이언트 IP : 0:0:0:0:0:0:0:1
 접근한 URL 경로 : /JSPBook/cart.jsp
 요청 처리 시작 시간 : 2020-08-06 13:56:11
 요청 처리 종료 시간 : 2020-08-06 13:56:11
 요청 처리 소요 시간 : 2ms
===========================================================
 접속한 클라이언트 IP : 0:0:0:0:0:0:0:1
 접근한 URL 경로 : /JSPBook/products.jsp
 요청 처리 시작 시간 : 2020-08-06 13:56:14
 요청 처리 종료 시간 : 2020-08-06 13:56:14
 요청 처리 소요 시간 : 2ms
===========================================================
 접속한 클라이언트 IP : 0:0:0:0:0:0:0:1
 접근한 URL 경로 : /JSPBook/product.jsp?id=P1234
 요청 처리 시작 시간 : 2020-08-06 13:56:15
 요청 처리 종료 시간 : 2020-08-06 13:56:15
 요청 처리 소요 시간 : 1ms
===========================================================
 접속한 클라이언트 IP : 0:0:0:0:0:0:0:1
 접근한 URL 경로 : /JSPBook/addCart.jsp?id=P1234
 요청 처리 시작 시간 : 2020-08-06 13:56:20
 요청 처리 종료 시간 : 2020-08-06 13:56:20
 요청 처리 소요 시간 : 1ms
===========================================================
 접속한 클라이언트 IP : 0:0:0:0:0:0:0:1
 접근한 URL 경로 : /JSPBook/product.jsp?id=P1234
 요청 처리 시작 시간 : 2020-08-06 13:56:20
 요청 처리 종료 시간 : 2020-08-06 13:56:20
 요청 처리 소요 시간 : 2ms
===========================================================
 접속한 클라이언트 IP : 0:0:0:0:0:0:0:1
 접근한 URL 경로 : /JSPBook/products.jsp
 요청 처리 시작 시간 : 2020-08-06 13:56:22
 요청 처리 종료 시간 : 2020-08-06 13:56:22
 요청 처리 소요 시간 : 2ms
===========================================================
 접속한 클라이언트 IP : 0:0:0:0:0:0:0:1
 접근한 URL 경로 : /JSPBook/product.jsp?id=P1235
 요청 처리 시작 시간 : 2020-08-06 13:56:23
 요청 처리 종료 시간 : 2020-08-06 13:56:23
 요청 처리 소요 시간 : 1ms
===========================================================
 접속한 클라이언트 IP : 0:0:0:0:0:0:0:1
 접근한 URL 경로 : /JSPBook/addCart.jsp?id=P1235
 요청 처리 시작 시간 : 2020-08-06 13:56:25
 요청 처리 종료 시간 : 2020-08-06 13:56:25
 요청 처리 소요 시간 : 1ms
===========================================================
 접속한 클라이언트 IP : 0:0:0:0:0:0:0:1
 접근한 URL 경로 : /JSPBook/product.jsp?id=P1235
 요청 처리 시작 시간 : 2020-08-06 13:56:25
 요청 처리 종료 시간 : 2020-08-06 13:56:25
 요청 처리 소요 시간 : 2ms
===========================================================
 접속한 클라이언트 IP : 0:0:0:0:0:0:0:1
 접근한 URL 경로 : /JSPBook/products.jsp
 요청 처리 시작 시간 : 2020-08-06 13:56:26
 요청 처리 종료 시간 : 2020-08-06 13:56:26
 요청 처리 소요 시간 : 0ms
===========================================================
 접속한 클라이언트 IP : 0:0:0:0:0:0:0:1
 접근한 URL 경로 : /JSPBook/product.jsp?id=P1236
 요청 처리 시작 시간 : 2020-08-06 13:56:26
 요청 처리 종료 시간 : 2020-08-06 13:56:26
 요청 처리 소요 시간 : 0ms
===========================================================
 접속한 클라이언트 IP : 0:0:0:0:0:0:0:1
 접근한 URL 경로 : /JSPBook/addCart.jsp?id=P1236
 요청 처리 시작 시간 : 2020-08-06 13:56:29
 요청 처리 종료 시간 : 2020-08-06 13:56:29
 요청 처리 소요 시간 : 0ms
===========================================================
 접속한 클라이언트 IP : 0:0:0:0:0:0:0:1
 접근한 URL 경로 : /JSPBook/product.jsp?id=P1236
 요청 처리 시작 시간 : 2020-08-06 13:56:29
 요청 처리 종료 시간 : 2020-08-06 13:56:29
 요청 처리 소요 시간 : 0ms
===========================================================
 접속한 클라이언트 IP : 0:0:0:0:0:0:0:1
 접근한 URL 경로 : /JSPBook/cart.jsp
 요청 처리 시작 시간 : 2020-08-06 13:56:30
 요청 처리 종료 시간 : 2020-08-06 13:56:30
 요청 처리 소요 시간 : 1ms
===========================================================
 접속한 클라이언트 IP : 0:0:0:0:0:0:0:1
 접근한 URL 경로 : /JSPBook/cart.jsp
 요청 처리 시작 시간 : 2020-08-06 13:57:49
 요청 처리 종료 시간 : 2020-08-06 13:57:49
 요청 처리 소요 시간 : 120ms
===========================================================
 접속한 클라이언트 IP : 0:0:0:0:0:0:0:1
 접근한 URL 경로 : /JSPBook/cart.jsp
 요청 처리 시작 시간 : 2020-08-06 13:57:51
 요청 처리 종료 시간 : 2020-08-06 13:57:51
 요청 처리 소요 시간 : 0ms
===========================================================
 접속한 클라이언트 IP : 0:0:0:0:0:0:0:1
 접근한 URL 경로 : /JSPBook/deleteCart.jsp?cartId=
 요청 처리 시작 시간 : 2020-08-06 13:57:52
 요청 처리 종료 시간 : 2020-08-06 13:57:52
 요청 처리 소요 시간 : 132ms
===========================================================
 접속한 클라이언트 IP : 0:0:0:0:0:0:0:1
 접근한 URL 경로 : /JSPBook/products.jsp
 요청 처리 시작 시간 : 2020-08-06 13:57:52
 요청 처리 종료 시간 : 2020-08-06 13:57:52
 요청 처리 소요 시간 : 7ms
===========================================================
 접속한 클라이언트 IP : 0:0:0:0:0:0:0:1
 접근한 URL 경로 : /JSPBook/cart.jsp
 요청 처리 시작 시간 : 2020-08-06 13:58:03
 요청 처리 종료 시간 : 2020-08-06 13:58:03
 요청 처리 소요 시간 : 2ms
===========================================================
 접속한 클라이언트 IP : 0:0:0:0:0:0:0:1
 접근한 URL 경로 : /JSPBook/deleteCart.jsp?cartId=
 요청 처리 시작 시간 : 2020-08-06 13:58:04
 요청 처리 종료 시간 : 2020-08-06 13:58:04
 요청 처리 소요 시간 : 67ms
===========================================================
 접속한 클라이언트 IP : 0:0:0:0:0:0:0:1
 접근한 URL 경로 : /JSPBook/cart.jsp
 요청 처리 시작 시간 : 2020-08-06 13:58:04
 요청 처리 종료 시간 : 2020-08-06 13:58:04
 요청 처리 소요 시간 : 1ms
===========================================================
 접속한 클라이언트 IP : 0:0:0:0:0:0:0:1
 접근한 URL 경로 : /JSPBook/deleteCart.jsp?cartId=
 요청 처리 시작 시간 : 2020-08-06 13:58:05
 요청 처리 종료 시간 : 2020-08-06 13:58:05
 요청 처리 소요 시간 : 0ms
===========================================================
 접속한 클라이언트 IP : 0:0:0:0:0:0:0:1
 접근한 URL 경로 : /JSPBook/cart.jsp
 요청 처리 시작 시간 : 2020-08-06 13:58:05
 요청 처리 종료 시간 : 2020-08-06 13:58:05
 요청 처리 소요 시간 : 0ms
===========================================================
 접속한 클라이언트 IP : 0:0:0:0:0:0:0:1
 접근한 URL 경로 : /JSPBook/products.jsp
 요청 처리 시작 시간 : 2020-08-06 13:59:20
 요청 처리 종료 시간 : 2020-08-06 13:59:20
 요청 처리 소요 시간 : 2ms
===========================================================
 접속한 클라이언트 IP : 0:0:0:0:0:0:0:1
 접근한 URL 경로 : /JSPBook/product.jsp?id=P1235
 요청 처리 시작 시간 : 2020-08-06 13:59:22
 요청 처리 종료 시간 : 2020-08-06 13:59:22
 요청 처리 소요 시간 : 1ms
===========================================================
 접속한 클라이언트 IP : 0:0:0:0:0:0:0:1
 접근한 URL 경로 : /JSPBook/cart.jsp
 요청 처리 시작 시간 : 2020-08-06 14:00:22
 요청 처리 종료 시간 : 2020-08-06 14:00:22
 요청 처리 소요 시간 : 129ms
===========================================================
 접속한 클라이언트 IP : 0:0:0:0:0:0:0:1
 접근한 URL 경로 : /JSPBook/cart.jsp
 요청 처리 시작 시간 : 2020-08-06 14:11:14
 요청 처리 종료 시간 : 2020-08-06 14:11:14
 요청 처리 소요 시간 : 96ms
===========================================================
 접속한 클라이언트 IP : 0:0:0:0:0:0:0:1
 접근한 URL 경로 : /JSPBook/removeCart.jsp?id=
 요청 처리 시작 시간 : 2020-08-06 14:11:16
 요청 처리 종료 시간 : 2020-08-06 14:11:16
 요청 처리 소요 시간 : 71ms
===========================================================
 접속한 클라이언트 IP : 0:0:0:0:0:0:0:1
 접근한 URL 경로 : /JSPBook/products.jsp
 요청 처리 시작 시간 : 2020-08-06 14:11:16
 요청 처리 종료 시간 : 2020-08-06 14:11:16
 요청 처리 소요 시간 : 2ms
===========================================================
 접속한 클라이언트 IP : 0:0:0:0:0:0:0:1
 접근한 URL 경로 : /JSPBook/products.jsp
 요청 처리 시작 시간 : 2020-08-06 14:11:28
 요청 처리 종료 시간 : 2020-08-06 14:11:28
 요청 처리 소요 시간 : 41ms
===========================================================
 접속한 클라이언트 IP : 0:0:0:0:0:0:0:1
 접근한 URL 경로 : /JSPBook/cart.jsp
 요청 처리 시작 시간 : 2020-08-06 14:11:32
 요청 처리 종료 시간 : 2020-08-06 14:11:32
 요청 처리 소요 시간 : 3ms
===========================================================
 접속한 클라이언트 IP : 0:0:0:0:0:0:0:1
 접근한 URL 경로 : /JSPBook/products.jsp
 요청 처리 시작 시간 : 2020-08-06 14:11:34
 요청 처리 종료 시간 : 2020-08-06 14:11:34
 요청 처리 소요 시간 : 3ms
===========================================================
 접속한 클라이언트 IP : 0:0:0:0:0:0:0:1
 접근한 URL 경로 : /JSPBook/product.jsp?id=P1235
 요청 처리 시작 시간 : 2020-08-06 14:11:34
 요청 처리 종료 시간 : 2020-08-06 14:11:34
 요청 처리 소요 시간 : 4ms
===========================================================
 접속한 클라이언트 IP : 0:0:0:0:0:0:0:1
 접근한 URL 경로 : /JSPBook/addCart.jsp?id=P1235
 요청 처리 시작 시간 : 2020-08-06 14:11:38
 요청 처리 종료 시간 : 2020-08-06 14:11:38
 요청 처리 소요 시간 : 3ms
===========================================================
 접속한 클라이언트 IP : 0:0:0:0:0:0:0:1
 접근한 URL 경로 : /JSPBook/product.jsp?id=P1235
 요청 처리 시작 시간 : 2020-08-06 14:11:38
 요청 처리 종료 시간 : 2020-08-06 14:11:38
 요청 처리 소요 시간 : 0ms
===========================================================
 접속한 클라이언트 IP : 0:0:0:0:0:0:0:1
 접근한 URL 경로 : /JSPBook/addCart.jsp?id=P1235
 요청 처리 시작 시간 : 2020-08-06 14:11:39
 요청 처리 종료 시간 : 2020-08-06 14:11:39
 요청 처리 소요 시간 : 0ms
===========================================================
 접속한 클라이언트 IP : 0:0:0:0:0:0:0:1
 접근한 URL 경로 : /JSPBook/product.jsp?id=P1235
 요청 처리 시작 시간 : 2020-08-06 14:11:39
 요청 처리 종료 시간 : 2020-08-06 14:11:39
 요청 처리 소요 시간 : 4ms
===========================================================
 접속한 클라이언트 IP : 0:0:0:0:0:0:0:1
 접근한 URL 경로 : /JSPBook/addCart.jsp?id=P1235
 요청 처리 시작 시간 : 2020-08-06 14:11:40
 요청 처리 종료 시간 : 2020-08-06 14:11:40
 요청 처리 소요 시간 : 1ms
===========================================================
 접속한 클라이언트 IP : 0:0:0:0:0:0:0:1
 접근한 URL 경로 : /JSPBook/product.jsp?id=P1235
 요청 처리 시작 시간 : 2020-08-06 14:11:40
 요청 처리 종료 시간 : 2020-08-06 14:11:40
 요청 처리 소요 시간 : 0ms
===========================================================
 접속한 클라이언트 IP : 0:0:0:0:0:0:0:1
 접근한 URL 경로 : /JSPBook/cart.jsp
 요청 처리 시작 시간 : 2020-08-06 14:11:41
 요청 처리 종료 시간 : 2020-08-06 14:11:41
 요청 처리 소요 시간 : 2ms
===========================================================
 접속한 클라이언트 IP : 0:0:0:0:0:0:0:1
 접근한 URL 경로 : /JSPBook/removeCart.jsp?id=
 요청 처리 시작 시간 : 2020-08-06 14:11:43
 요청 처리 종료 시간 : 2020-08-06 14:11:43
 요청 처리 소요 시간 : 3ms
===========================================================
 접속한 클라이언트 IP : 0:0:0:0:0:0:0:1
 접근한 URL 경로 : /JSPBook/products.jsp
 요청 처리 시작 시간 : 2020-08-06 14:11:43
 요청 처리 종료 시간 : 2020-08-06 14:11:43
 요청 처리 소요 시간 : 2ms
===========================================================
 접속한 클라이언트 IP : 0:0:0:0:0:0:0:1
 접근한 URL 경로 : /JSPBook/cart.jsp
 요청 처리 시작 시간 : 2020-08-06 14:12:07
 요청 처리 종료 시간 : 2020-08-06 14:12:07
 요청 처리 소요 시간 : 2ms
===========================================================
 접속한 클라이언트 IP : 0:0:0:0:0:0:0:1
 접근한 URL 경로 : /JSPBook/removeCart.jsp?id=
 요청 처리 시작 시간 : 2020-08-06 14:12:09
 요청 처리 종료 시간 : 2020-08-06 14:12:09
 요청 처리 소요 시간 : 451ms
===========================================================
 접속한 클라이언트 IP : 0:0:0:0:0:0:0:1
 접근한 URL 경로 : /JSPBook/cart.jsp
 요청 처리 시작 시간 : 2020-08-06 14:12:09
 요청 처리 종료 시간 : 2020-08-06 14:12:09
 요청 처리 소요 시간 : 0ms
===========================================================
 접속한 클라이언트 IP : 0:0:0:0:0:0:0:1
 접근한 URL 경로 : /JSPBook/removeCart.jsp?id=
 요청 처리 시작 시간 : 2020-08-06 14:12:10
 요청 처리 종료 시간 : 2020-08-06 14:12:10
 요청 처리 소요 시간 : 0ms
===========================================================
 접속한 클라이언트 IP : 0:0:0:0:0:0:0:1
 접근한 URL 경로 : /JSPBook/cart.jsp
 요청 처리 시작 시간 : 2020-08-06 14:12:10
 요청 처리 종료 시간 : 2020-08-06 14:12:10
 요청 처리 소요 시간 : 0ms
===========================================================
 접속한 클라이언트 IP : 0:0:0:0:0:0:0:1
 접근한 URL 경로 : /JSPBook/removeCart.jsp?id=
 요청 처리 시작 시간 : 2020-08-06 14:12:12
 요청 처리 종료 시간 : 2020-08-06 14:12:12
 요청 처리 소요 시간 : 0ms
===========================================================
 접속한 클라이언트 IP : 0:0:0:0:0:0:0:1
 접근한 URL 경로 : /JSPBook/cart.jsp
 요청 처리 시작 시간 : 2020-08-06 14:12:12
 요청 처리 종료 시간 : 2020-08-06 14:12:12
 요청 처리 소요 시간 : 2ms
===========================================================
 접속한 클라이언트 IP : 0:0:0:0:0:0:0:1
 접근한 URL 경로 : /JSPBook/removeCart.jsp?id=
 요청 처리 시작 시간 : 2020-08-06 14:12:44
 요청 처리 종료 시간 : 2020-08-06 14:12:44
 요청 처리 소요 시간 : 1ms
===========================================================
 접속한 클라이언트 IP : 0:0:0:0:0:0:0:1
 접근한 URL 경로 : /JSPBook/cart.jsp
 요청 처리 시작 시간 : 2020-08-06 14:12:44
 요청 처리 종료 시간 : 2020-08-06 14:12:44
 요청 처리 소요 시간 : 124ms
===========================================================
 접속한 클라이언트 IP : 0:0:0:0:0:0:0:1
 접근한 URL 경로 : /JSPBook/cart.jsp
 요청 처리 시작 시간 : 2020-08-06 14:12:47
 요청 처리 종료 시간 : 2020-08-06 14:12:47
 요청 처리 소요 시간 : 0ms
===========================================================
 접속한 클라이언트 IP : 0:0:0:0:0:0:0:1
 접근한 URL 경로 : /JSPBook/removeCart.jsp?id=P1235
 요청 처리 시작 시간 : 2020-08-06 14:12:48
 요청 처리 종료 시간 : 2020-08-06 14:12:48
 요청 처리 소요 시간 : 1ms
===========================================================
 접속한 클라이언트 IP : 0:0:0:0:0:0:0:1
 접근한 URL 경로 : /JSPBook/cart.jsp
 요청 처리 시작 시간 : 2020-08-06 14:12:48
 요청 처리 종료 시간 : 2020-08-06 14:12:48
 요청 처리 소요 시간 : 1ms
===========================================================
 접속한 클라이언트 IP : 0:0:0:0:0:0:0:1
 접근한 URL 경로 : /JSPBook/cart.jsp
 요청 처리 시작 시간 : 2020-08-06 14:13:38
 접속한 클라이언트 IP : 0:0:0:0:0:0:0:1
 접근한 URL 경로 : /JSPBook/cart.jsp
 요청 처리 시작 시간 : 2020-08-06 14:14:01
 요청 처리 종료 시간 : 2020-08-06 14:14:01
 요청 처리 소요 시간 : 115ms
===========================================================
 접속한 클라이언트 IP : 0:0:0:0:0:0:0:1
 접근한 URL 경로 : /JSPBook/products.jsp
 요청 처리 시작 시간 : 2020-08-06 14:15:08
 요청 처리 종료 시간 : 2020-08-06 14:15:08
 요청 처리 소요 시간 : 8ms
===========================================================
 접속한 클라이언트 IP : 0:0:0:0:0:0:0:1
 접근한 URL 경로 : /JSPBook/product.jsp?id=P1234
 요청 처리 시작 시간 : 2020-08-06 14:16:00
 요청 처리 종료 시간 : 2020-08-06 14:16:00
 요청 처리 소요 시간 : 6ms
===========================================================
 접속한 클라이언트 IP : 0:0:0:0:0:0:0:1
 접근한 URL 경로 : /JSPBook/cart.jsp
 요청 처리 시작 시간 : 2020-08-06 14:25:55
 요청 처리 종료 시간 : 2020-08-06 14:25:55
 요청 처리 소요 시간 : 3ms
===========================================================
 접속한 클라이언트 IP : 0:0:0:0:0:0:0:1
 접근한 URL 경로 : /JSPBook/deleteCart.jsp?cartId=FDEA7B865B9BEACC815E7CCB52362407
 요청 처리 시작 시간 : 2020-08-06 14:25:56
 요청 처리 종료 시간 : 2020-08-06 14:25:56
 요청 처리 소요 시간 : 3ms
===========================================================
 접속한 클라이언트 IP : 0:0:0:0:0:0:0:1
 접근한 URL 경로 : /JSPBook/cart.jsp
 요청 처리 시작 시간 : 2020-08-06 14:25:56
 요청 처리 종료 시간 : 2020-08-06 14:25:56
 요청 처리 소요 시간 : 0ms
===========================================================
 접속한 클라이언트 IP : 0:0:0:0:0:0:0:1
 접근한 URL 경로 : /JSPBook/welcome.jsp
 요청 처리 시작 시간 : 2020-08-06 14:25:57
 요청 처리 종료 시간 : 2020-08-06 14:25:57
 요청 처리 소요 시간 : 5ms
===========================================================
 접속한 클라이언트 IP : 0:0:0:0:0:0:0:1
 접근한 URL 경로 : /JSPBook/cart.jsp
 요청 처리 시작 시간 : 2020-08-06 14:26:00
 요청 처리 종료 시간 : 2020-08-06 14:26:00
 요청 처리 소요 시간 : 1ms
===========================================================
 접속한 클라이언트 IP : 0:0:0:0:0:0:0:1
 접근한 URL 경로 : /JSPBook/products.jsp
 요청 처리 시작 시간 : 2020-08-06 14:26:48
 요청 처리 종료 시간 : 2020-08-06 14:26:48
 요청 처리 소요 시간 : 3ms
===========================================================
 접속한 클라이언트 IP : 0:0:0:0:0:0:0:1
 접근한 URL 경로 : /JSPBook/product.jsp?id=P1234
 요청 처리 시작 시간 : 2020-08-06 14:26:49
 요청 처리 종료 시간 : 2020-08-06 14:26:49
 요청 처리 소요 시간 : 1ms
===========================================================
 접속한 클라이언트 IP : 0:0:0:0:0:0:0:1
 접근한 URL 경로 : /JSPBook/addCart.jsp?id=P1234
 요청 처리 시작 시간 : 2020-08-06 14:26:52
 요청 처리 종료 시간 : 2020-08-06 14:26:52
 요청 처리 소요 시간 : 90ms
===========================================================
 접속한 클라이언트 IP : 0:0:0:0:0:0:0:1
 접근한 URL 경로 : /JSPBook/product.jsp?id=P1234
 요청 처리 시작 시간 : 2020-08-06 14:26:52
 요청 처리 종료 시간 : 2020-08-06 14:26:52
 요청 처리 소요 시간 : 0ms
===========================================================
 접속한 클라이언트 IP : 0:0:0:0:0:0:0:1
 접근한 URL 경로 : /JSPBook/addCart.jsp?id=P1234
 요청 처리 시작 시간 : 2020-08-06 14:26:52
 요청 처리 종료 시간 : 2020-08-06 14:26:52
 요청 처리 소요 시간 : 0ms
===========================================================
 접속한 클라이언트 IP : 0:0:0:0:0:0:0:1
 접근한 URL 경로 : /JSPBook/product.jsp?id=P1234
 요청 처리 시작 시간 : 2020-08-06 14:26:52
 요청 처리 종료 시간 : 2020-08-06 14:26:52
 요청 처리 소요 시간 : 0ms
===========================================================
 접속한 클라이언트 IP : 0:0:0:0:0:0:0:1
 접근한 URL 경로 : /JSPBook/products.jsp
 요청 처리 시작 시간 : 2020-08-06 14:26:54
 요청 처리 종료 시간 : 2020-08-06 14:26:54
 요청 처리 소요 시간 : 2ms
===========================================================
 접속한 클라이언트 IP : 0:0:0:0:0:0:0:1
 접근한 URL 경로 : /JSPBook/product.jsp?id=P1235
 요청 처리 시작 시간 : 2020-08-06 14:26:55
 요청 처리 종료 시간 : 2020-08-06 14:26:55
 요청 처리 소요 시간 : 1ms
===========================================================
 접속한 클라이언트 IP : 0:0:0:0:0:0:0:1
 접근한 URL 경로 : /JSPBook/addCart.jsp?id=P1235
 요청 처리 시작 시간 : 2020-08-06 14:26:56
 요청 처리 종료 시간 : 2020-08-06 14:26:56
 요청 처리 소요 시간 : 1ms
===========================================================
 접속한 클라이언트 IP : 0:0:0:0:0:0:0:1
 접근한 URL 경로 : /JSPBook/product.jsp?id=P1235
 요청 처리 시작 시간 : 2020-08-06 14:26:56
 요청 처리 종료 시간 : 2020-08-06 14:26:56
 요청 처리 소요 시간 : 0ms
===========================================================
 접속한 클라이언트 IP : 0:0:0:0:0:0:0:1
 접근한 URL 경로 : /JSPBook/addCart.jsp?id=P1235
 요청 처리 시작 시간 : 2020-08-06 14:26:57
 요청 처리 종료 시간 : 2020-08-06 14:26:57
 요청 처리 소요 시간 : 1ms
===========================================================
 접속한 클라이언트 IP : 0:0:0:0:0:0:0:1
 접근한 URL 경로 : /JSPBook/product.jsp?id=P1235
 요청 처리 시작 시간 : 2020-08-06 14:26:57
 요청 처리 종료 시간 : 2020-08-06 14:26:57
 요청 처리 소요 시간 : 0ms
===========================================================
 접속한 클라이언트 IP : 0:0:0:0:0:0:0:1
 접근한 URL 경로 : /JSPBook/addCart.jsp?id=P1235
 요청 처리 시작 시간 : 2020-08-06 14:26:57
 요청 처리 종료 시간 : 2020-08-06 14:26:57
 요청 처리 소요 시간 : 0ms
===========================================================
 접속한 클라이언트 IP : 0:0:0:0:0:0:0:1
 접근한 URL 경로 : /JSPBook/product.jsp?id=P1235
 요청 처리 시작 시간 : 2020-08-06 14:26:57
 요청 처리 종료 시간 : 2020-08-06 14:26:57
 요청 처리 소요 시간 : 0ms
===========================================================
 접속한 클라이언트 IP : 0:0:0:0:0:0:0:1
 접근한 URL 경로 : /JSPBook/products.jsp
 요청 처리 시작 시간 : 2020-08-06 14:26:58
 요청 처리 종료 시간 : 2020-08-06 14:26:58
 요청 처리 소요 시간 : 0ms
===========================================================
 접속한 클라이언트 IP : 0:0:0:0:0:0:0:1
 접근한 URL 경로 : /JSPBook/product.jsp?id=P1236
 요청 처리 시작 시간 : 2020-08-06 14:26:59
 요청 처리 종료 시간 : 2020-08-06 14:26:59
 요청 처리 소요 시간 : 1ms
===========================================================
 접속한 클라이언트 IP : 0:0:0:0:0:0:0:1
 접근한 URL 경로 : /JSPBook/addCart.jsp?id=P1236
 요청 처리 시작 시간 : 2020-08-06 14:27:00
 요청 처리 종료 시간 : 2020-08-06 14:27:00
 요청 처리 소요 시간 : 0ms
===========================================================
 접속한 클라이언트 IP : 0:0:0:0:0:0:0:1
 접근한 URL 경로 : /JSPBook/product.jsp?id=P1236
 요청 처리 시작 시간 : 2020-08-06 14:27:00
 요청 처리 종료 시간 : 2020-08-06 14:27:00
 요청 처리 소요 시간 : 1ms
===========================================================
 접속한 클라이언트 IP : 0:0:0:0:0:0:0:1
 접근한 URL 경로 : /JSPBook/addCart.jsp?id=P1236
 요청 처리 시작 시간 : 2020-08-06 14:27:01
 요청 처리 종료 시간 : 2020-08-06 14:27:01
 요청 처리 소요 시간 : 2ms
===========================================================
 접속한 클라이언트 IP : 0:0:0:0:0:0:0:1
 접근한 URL 경로 : /JSPBook/product.jsp?id=P1236
 요청 처리 시작 시간 : 2020-08-06 14:27:01
 요청 처리 종료 시간 : 2020-08-06 14:27:01
 요청 처리 소요 시간 : 0ms
===========================================================
 접속한 클라이언트 IP : 0:0:0:0:0:0:0:1
 접근한 URL 경로 : /JSPBook/addCart.jsp?id=P1236
 요청 처리 시작 시간 : 2020-08-06 14:27:01
 요청 처리 종료 시간 : 2020-08-06 14:27:01
 요청 처리 소요 시간 : 0ms
===========================================================
 접속한 클라이언트 IP : 0:0:0:0:0:0:0:1
 접근한 URL 경로 : /JSPBook/product.jsp?id=P1236
 요청 처리 시작 시간 : 2020-08-06 14:27:01
 요청 처리 종료 시간 : 2020-08-06 14:27:01
 요청 처리 소요 시간 : 1ms
===========================================================
 접속한 클라이언트 IP : 0:0:0:0:0:0:0:1
 접근한 URL 경로 : /JSPBook/cart.jsp
 요청 처리 시작 시간 : 2020-08-06 14:27:02
 요청 처리 종료 시간 : 2020-08-06 14:27:02
 요청 처리 소요 시간 : 1ms
===========================================================
 접속한 클라이언트 IP : 0:0:0:0:0:0:0:1
 접근한 URL 경로 : /JSPBook/removeCart.jsp?id=P1234
 요청 처리 시작 시간 : 2020-08-06 14:27:22
 요청 처리 종료 시간 : 2020-08-06 14:27:22
 요청 처리 소요 시간 : 4ms
===========================================================
 접속한 클라이언트 IP : 0:0:0:0:0:0:0:1
 접근한 URL 경로 : /JSPBook/cart.jsp
 요청 처리 시작 시간 : 2020-08-06 14:27:22
 요청 처리 종료 시간 : 2020-08-06 14:27:22
 요청 처리 소요 시간 : 1ms
===========================================================
 접속한 클라이언트 IP : 0:0:0:0:0:0:0:1
 접근한 URL 경로 : /JSPBook/deleteCart.jsp?cartId=27D08287810747C4789CD9734563C730
 요청 처리 시작 시간 : 2020-08-06 14:27:24
 요청 처리 종료 시간 : 2020-08-06 14:27:24
 요청 처리 소요 시간 : 87ms
===========================================================
 접속한 클라이언트 IP : 0:0:0:0:0:0:0:1
 접근한 URL 경로 : /JSPBook/cart.jsp
 요청 처리 시작 시간 : 2020-08-06 14:27:24
 요청 처리 종료 시간 : 2020-08-06 14:27:24
 요청 처리 소요 시간 : 1ms
===========================================================
 접속한 클라이언트 IP : 0:0:0:0:0:0:0:1
 접근한 URL 경로 : /JSPBook/products.jsp
 요청 처리 시작 시간 : 2020-08-06 14:27:25
 요청 처리 종료 시간 : 2020-08-06 14:27:25
 요청 처리 소요 시간 : 3ms
===========================================================
 접속한 클라이언트 IP : 0:0:0:0:0:0:0:1
 접근한 URL 경로 : /JSPBook/product.jsp?id=P1234
 요청 처리 시작 시간 : 2020-08-06 14:27:26
 요청 처리 종료 시간 : 2020-08-06 14:27:26
 요청 처리 소요 시간 : 2ms
===========================================================
 접속한 클라이언트 IP : 0:0:0:0:0:0:0:1
 접근한 URL 경로 : /JSPBook/addCart.jsp?id=P1234
 요청 처리 시작 시간 : 2020-08-06 14:27:27
 요청 처리 종료 시간 : 2020-08-06 14:27:27
 요청 처리 소요 시간 : 1ms
===========================================================
 접속한 클라이언트 IP : 0:0:0:0:0:0:0:1
 접근한 URL 경로 : /JSPBook/product.jsp?id=P1234
 요청 처리 시작 시간 : 2020-08-06 14:27:27
 요청 처리 종료 시간 : 2020-08-06 14:27:27
 요청 처리 소요 시간 : 0ms
===========================================================
 접속한 클라이언트 IP : 0:0:0:0:0:0:0:1
 접근한 URL 경로 : /JSPBook/addCart.jsp?id=P1234
 요청 처리 시작 시간 : 2020-08-06 14:27:28
 요청 처리 종료 시간 : 2020-08-06 14:27:28
 요청 처리 소요 시간 : 0ms
===========================================================
 접속한 클라이언트 IP : 0:0:0:0:0:0:0:1
 접근한 URL 경로 : /JSPBook/product.jsp?id=P1234
 요청 처리 시작 시간 : 2020-08-06 14:27:28
 요청 처리 종료 시간 : 2020-08-06 14:27:28
 요청 처리 소요 시간 : 0ms
===========================================================
 접속한 클라이언트 IP : 0:0:0:0:0:0:0:1
 접근한 URL 경로 : /JSPBook/cart.jsp
 요청 처리 시작 시간 : 2020-08-06 14:27:29
 요청 처리 종료 시간 : 2020-08-06 14:27:29
 요청 처리 소요 시간 : 2ms
===========================================================
 접속한 클라이언트 IP : 0:0:0:0:0:0:0:1
 접근한 URL 경로 : /JSPBook/deleteCart.jsp?cartId=D88D9B52C591A7F2AEE0453B70592FFC
 요청 처리 시작 시간 : 2020-08-06 14:27:36
 요청 처리 종료 시간 : 2020-08-06 14:27:36
 요청 처리 소요 시간 : 0ms
===========================================================
 접속한 클라이언트 IP : 0:0:0:0:0:0:0:1
 접근한 URL 경로 : /JSPBook/cart.jsp
 요청 처리 시작 시간 : 2020-08-06 14:27:36
 요청 처리 종료 시간 : 2020-08-06 14:27:36
 요청 처리 소요 시간 : 2ms
===========================================================
 접속한 클라이언트 IP : 0:0:0:0:0:0:0:1
 접근한 URL 경로 : /JSPBook/deleteCart.jsp?cartId=4F389F3E5CBECFE8EA555AB7AA1E43E3
 요청 처리 시작 시간 : 2020-08-06 14:27:37
 요청 처리 종료 시간 : 2020-08-06 14:27:37
 요청 처리 소요 시간 : 0ms
===========================================================
 접속한 클라이언트 IP : 0:0:0:0:0:0:0:1
 접근한 URL 경로 : /JSPBook/cart.jsp
 요청 처리 시작 시간 : 2020-08-06 14:27:37
 요청 처리 종료 시간 : 2020-08-06 14:27:37
 요청 처리 소요 시간 : 0ms
===========================================================
 접속한 클라이언트 IP : 0:0:0:0:0:0:0:1
 접근한 URL 경로 : /JSPBook/deleteCart.jsp?cartId=8CAE255F7BB96FEF7A854D6589CED8FA
 요청 처리 시작 시간 : 2020-08-06 14:27:37
 요청 처리 종료 시간 : 2020-08-06 14:27:37
 요청 처리 소요 시간 : 0ms
===========================================================
 접속한 클라이언트 IP : 0:0:0:0:0:0:0:1
 접근한 URL 경로 : /JSPBook/cart.jsp
 요청 처리 시작 시간 : 2020-08-06 14:27:37
 요청 처리 종료 시간 : 2020-08-06 14:27:37
 요청 처리 소요 시간 : 0ms
===========================================================
 접속한 클라이언트 IP : 0:0:0:0:0:0:0:1
 접근한 URL 경로 : /JSPBook/deleteCart.jsp?cartId=0CF2C7F8CE9C3E922D250CFAD85564B3
 요청 처리 시작 시간 : 2020-08-06 14:27:37
 요청 처리 종료 시간 : 2020-08-06 14:27:37
 요청 처리 소요 시간 : 0ms
===========================================================
 접속한 클라이언트 IP : 0:0:0:0:0:0:0:1
 접근한 URL 경로 : /JSPBook/cart.jsp
 요청 처리 시작 시간 : 2020-08-06 14:27:37
 요청 처리 종료 시간 : 2020-08-06 14:27:37
 요청 처리 소요 시간 : 0ms
===========================================================
 접속한 클라이언트 IP : 0:0:0:0:0:0:0:1
 접근한 URL 경로 : /JSPBook/deleteCart.jsp?cartId=BC44842596601FD97564744AB73B450F
 요청 처리 시작 시간 : 2020-08-06 14:27:38
 요청 처리 종료 시간 : 2020-08-06 14:27:38
 요청 처리 소요 시간 : 0ms
===========================================================
 접속한 클라이언트 IP : 0:0:0:0:0:0:0:1
 접근한 URL 경로 : /JSPBook/cart.jsp
 요청 처리 시작 시간 : 2020-08-06 14:27:38
 요청 처리 종료 시간 : 2020-08-06 14:27:38
 요청 처리 소요 시간 : 0ms
===========================================================
 접속한 클라이언트 IP : 0:0:0:0:0:0:0:1
 접근한 URL 경로 : /JSPBook/products.jsp
 요청 처리 시작 시간 : 2020-08-06 14:27:39
 요청 처리 종료 시간 : 2020-08-06 14:27:39
 요청 처리 소요 시간 : 2ms
===========================================================
 접속한 클라이언트 IP : 0:0:0:0:0:0:0:1
 접근한 URL 경로 : /JSPBook/product.jsp?id=P1234
 요청 처리 시작 시간 : 2020-08-06 14:27:40
 요청 처리 종료 시간 : 2020-08-06 14:27:40
 요청 처리 소요 시간 : 7ms
===========================================================
 접속한 클라이언트 IP : 0:0:0:0:0:0:0:1
 접근한 URL 경로 : /JSPBook/addCart.jsp?id=P1234
 요청 처리 시작 시간 : 2020-08-06 14:27:42
 요청 처리 종료 시간 : 2020-08-06 14:27:42
 요청 처리 소요 시간 : 1ms
===========================================================
 접속한 클라이언트 IP : 0:0:0:0:0:0:0:1
 접근한 URL 경로 : /JSPBook/product.jsp?id=P1234
 요청 처리 시작 시간 : 2020-08-06 14:27:42
 요청 처리 종료 시간 : 2020-08-06 14:27:42
 요청 처리 소요 시간 : 0ms
===========================================================
 접속한 클라이언트 IP : 0:0:0:0:0:0:0:1
 접근한 URL 경로 : /JSPBook/cart.jsp
 요청 처리 시작 시간 : 2020-08-06 14:27:43
 요청 처리 종료 시간 : 2020-08-06 14:27:43
 요청 처리 소요 시간 : 1ms
===========================================================
 접속한 클라이언트 IP : 0:0:0:0:0:0:0:1
 접근한 URL 경로 : /JSPBook/removeCart.jsp?id=P1234
 요청 처리 시작 시간 : 2020-08-06 14:27:47
 요청 처리 종료 시간 : 2020-08-06 14:27:47
 요청 처리 소요 시간 : 1ms
===========================================================
 접속한 클라이언트 IP : 0:0:0:0:0:0:0:1
 접근한 URL 경로 : /JSPBook/cart.jsp
 요청 처리 시작 시간 : 2020-08-06 14:27:47
 요청 처리 종료 시간 : 2020-08-06 14:27:47
 요청 처리 소요 시간 : 0ms
===========================================================
 접속한 클라이언트 IP : 0:0:0:0:0:0:0:1
 접근한 URL 경로 : /JSPBook/products.jsp
 요청 처리 시작 시간 : 2020-08-06 14:27:49
 요청 처리 종료 시간 : 2020-08-06 14:27:49
 요청 처리 소요 시간 : 2ms
===========================================================
 접속한 클라이언트 IP : 0:0:0:0:0:0:0:1
 접근한 URL 경로 : /JSPBook/product.jsp?id=P1234
 요청 처리 시작 시간 : 2020-08-06 14:27:50
 요청 처리 종료 시간 : 2020-08-06 14:27:50
 요청 처리 소요 시간 : 2ms
===========================================================
 접속한 클라이언트 IP : 0:0:0:0:0:0:0:1
 접근한 URL 경로 : /JSPBook/addCart.jsp?id=P1234
 요청 처리 시작 시간 : 2020-08-06 14:27:52
 요청 처리 종료 시간 : 2020-08-06 14:27:52
 요청 처리 소요 시간 : 1ms
===========================================================
 접속한 클라이언트 IP : 0:0:0:0:0:0:0:1
 접근한 URL 경로 : /JSPBook/product.jsp?id=P1234
 요청 처리 시작 시간 : 2020-08-06 14:27:52
 요청 처리 종료 시간 : 2020-08-06 14:27:52
 요청 처리 소요 시간 : 1ms
===========================================================
 접속한 클라이언트 IP : 0:0:0:0:0:0:0:1
 접근한 URL 경로 : /JSPBook/cart.jsp
 요청 처리 시작 시간 : 2020-08-06 14:27:53
 요청 처리 종료 시간 : 2020-08-06 14:27:53
 요청 처리 소요 시간 : 2ms
===========================================================
 접속한 클라이언트 IP : 0:0:0:0:0:0:0:1
 접근한 URL 경로 : /JSPBook/removeCart.jsp?id=P1234
 요청 처리 시작 시간 : 2020-08-06 14:27:57
 요청 처리 종료 시간 : 2020-08-06 14:27:57
 요청 처리 소요 시간 : 0ms
===========================================================
 접속한 클라이언트 IP : 0:0:0:0:0:0:0:1
 접근한 URL 경로 : /JSPBook/cart.jsp
 요청 처리 시작 시간 : 2020-08-06 14:27:57
 요청 처리 종료 시간 : 2020-08-06 14:27:57
 요청 처리 소요 시간 : 0ms
===========================================================
 접속한 클라이언트 IP : 0:0:0:0:0:0:0:1
 접근한 URL 경로 : /JSPBook/products.jsp
 요청 처리 시작 시간 : 2020-08-06 14:28:00
 요청 처리 종료 시간 : 2020-08-06 14:28:00
 요청 처리 소요 시간 : 2ms
===========================================================
 접속한 클라이언트 IP : 0:0:0:0:0:0:0:1
 접근한 URL 경로 : /JSPBook/product.jsp?id=P1235
 요청 처리 시작 시간 : 2020-08-06 14:28:01
 요청 처리 종료 시간 : 2020-08-06 14:28:01
 요청 처리 소요 시간 : 1ms
===========================================================
 접속한 클라이언트 IP : 0:0:0:0:0:0:0:1
 접근한 URL 경로 : /JSPBook/cart.jsp
 요청 처리 시작 시간 : 2020-08-06 14:28:02
 요청 처리 종료 시간 : 2020-08-06 14:28:02
 요청 처리 소요 시간 : 1ms
===========================================================
 접속한 클라이언트 IP : 0:0:0:0:0:0:0:1
 접근한 URL 경로 : /JSPBook/addCart.jsp?id=P1235
 요청 처리 시작 시간 : 2020-08-06 14:28:06
 요청 처리 종료 시간 : 2020-08-06 14:28:06
 요청 처리 소요 시간 : 0ms
===========================================================
 접속한 클라이언트 IP : 0:0:0:0:0:0:0:1
 접근한 URL 경로 : /JSPBook/product.jsp?id=P1235
 요청 처리 시작 시간 : 2020-08-06 14:28:06
 요청 처리 종료 시간 : 2020-08-06 14:28:06
 요청 처리 소요 시간 : 1ms
===========================================================
 접속한 클라이언트 IP : 0:0:0:0:0:0:0:1
 접근한 URL 경로 : /JSPBook/cart.jsp
 요청 처리 시작 시간 : 2020-08-06 14:28:08
 요청 처리 종료 시간 : 2020-08-06 14:28:08
 요청 처리 소요 시간 : 3ms
===========================================================
 접속한 클라이언트 IP : 0:0:0:0:0:0:0:1
 접근한 URL 경로 : /JSPBook/products.jsp
 요청 처리 시작 시간 : 2020-08-06 14:28:41
 요청 처리 종료 시간 : 2020-08-06 14:28:41
 요청 처리 소요 시간 : 37ms
===========================================================
 접속한 클라이언트 IP : 0:0:0:0:0:0:0:1
 접근한 URL 경로 : /JSPBook/product.jsp?id=P1234
 요청 처리 시작 시간 : 2020-08-06 14:28:43
 요청 처리 종료 시간 : 2020-08-06 14:28:43
 요청 처리 소요 시간 : 4ms
===========================================================
 접속한 클라이언트 IP : 0:0:0:0:0:0:0:1
 접근한 URL 경로 : /JSPBook/addCart.jsp?id=P1234
 요청 처리 시작 시간 : 2020-08-06 14:28:45
 요청 처리 종료 시간 : 2020-08-06 14:28:45
 요청 처리 소요 시간 : 3ms
===========================================================
 접속한 클라이언트 IP : 0:0:0:0:0:0:0:1
 접근한 URL 경로 : /JSPBook/product.jsp?id=P1234
 요청 처리 시작 시간 : 2020-08-06 14:28:45
 요청 처리 종료 시간 : 2020-08-06 14:28:45
 요청 처리 소요 시간 : 1ms
===========================================================
 접속한 클라이언트 IP : 0:0:0:0:0:0:0:1
 접근한 URL 경로 : /JSPBook/cart.jsp
 요청 처리 시작 시간 : 2020-08-06 14:28:46
 요청 처리 종료 시간 : 2020-08-06 14:28:46
 요청 처리 소요 시간 : 5ms
===========================================================
 접속한 클라이언트 IP : 0:0:0:0:0:0:0:1
 접근한 URL 경로 : /JSPBook/products.jsp
 요청 처리 시작 시간 : 2020-08-06 14:28:50
 요청 처리 종료 시간 : 2020-08-06 14:28:50
 요청 처리 소요 시간 : 2ms
===========================================================
 접속한 클라이언트 IP : 0:0:0:0:0:0:0:1
 접근한 URL 경로 : /JSPBook/product.jsp?id=P1235
 요청 처리 시작 시간 : 2020-08-06 14:28:51
 요청 처리 종료 시간 : 2020-08-06 14:28:51
 요청 처리 소요 시간 : 3ms
===========================================================
 접속한 클라이언트 IP : 0:0:0:0:0:0:0:1
 접근한 URL 경로 : /JSPBook/cart.jsp
 요청 처리 시작 시간 : 2020-08-06 14:28:52
 요청 처리 종료 시간 : 2020-08-06 14:28:52
 요청 처리 소요 시간 : 1ms
===========================================================
 접속한 클라이언트 IP : 0:0:0:0:0:0:0:1
 접근한 URL 경로 : /JSPBook/products.jsp
 요청 처리 시작 시간 : 2020-08-06 14:28:54
 요청 처리 종료 시간 : 2020-08-06 14:28:54
 요청 처리 소요 시간 : 1ms
===========================================================
 접속한 클라이언트 IP : 0:0:0:0:0:0:0:1
 접근한 URL 경로 : /JSPBook/product.jsp?id=P1235
 요청 처리 시작 시간 : 2020-08-06 14:28:55
 요청 처리 종료 시간 : 2020-08-06 14:28:55
 요청 처리 소요 시간 : 1ms
===========================================================
 접속한 클라이언트 IP : 0:0:0:0:0:0:0:1
 접근한 URL 경로 : /JSPBook/addCart.jsp?id=P1235
 요청 처리 시작 시간 : 2020-08-06 14:28:58
 요청 처리 종료 시간 : 2020-08-06 14:28:58
 요청 처리 소요 시간 : 0ms
===========================================================
 접속한 클라이언트 IP : 0:0:0:0:0:0:0:1
 접근한 URL 경로 : /JSPBook/product.jsp?id=P1235
 요청 처리 시작 시간 : 2020-08-06 14:28:58
 요청 처리 종료 시간 : 2020-08-06 14:28:58
 요청 처리 소요 시간 : 2ms
===========================================================
 접속한 클라이언트 IP : 0:0:0:0:0:0:0:1
 접근한 URL 경로 : /JSPBook/cart.jsp
 요청 처리 시작 시간 : 2020-08-06 14:28:59
 요청 처리 종료 시간 : 2020-08-06 14:28:59
 요청 처리 소요 시간 : 2ms
===========================================================
 접속한 클라이언트 IP : 0:0:0:0:0:0:0:1
 접근한 URL 경로 : /JSPBook/cart.jsp
 요청 처리 시작 시간 : 2020-08-06 14:29:39
 요청 처리 종료 시간 : 2020-08-06 14:29:39
 요청 처리 소요 시간 : 2ms
===========================================================
 접속한 클라이언트 IP : 0:0:0:0:0:0:0:1
 접근한 URL 경로 : /JSPBook/products.jsp
 요청 처리 시작 시간 : 2020-08-06 14:29:52
 요청 처리 종료 시간 : 2020-08-06 14:29:52
 요청 처리 소요 시간 : 59ms
===========================================================
 접속한 클라이언트 IP : 0:0:0:0:0:0:0:1
 접근한 URL 경로 : /JSPBook/product.jsp?id=P1234
 요청 처리 시작 시간 : 2020-08-06 14:29:54
 요청 처리 종료 시간 : 2020-08-06 14:29:54
 요청 처리 소요 시간 : 8ms
===========================================================
 접속한 클라이언트 IP : 0:0:0:0:0:0:0:1
 접근한 URL 경로 : /JSPBook/addCart.jsp?id=P1234
 요청 처리 시작 시간 : 2020-08-06 14:29:56
 요청 처리 종료 시간 : 2020-08-06 14:29:56
 요청 처리 소요 시간 : 585ms
===========================================================
 접속한 클라이언트 IP : 0:0:0:0:0:0:0:1
 접근한 URL 경로 : /JSPBook/product.jsp?id=P1234
 요청 처리 시작 시간 : 2020-08-06 14:29:56
 요청 처리 종료 시간 : 2020-08-06 14:29:56
 요청 처리 소요 시간 : 0ms
===========================================================
 접속한 클라이언트 IP : 0:0:0:0:0:0:0:1
 접근한 URL 경로 : /JSPBook/cart.jsp
 요청 처리 시작 시간 : 2020-08-06 14:29:58
 요청 처리 종료 시간 : 2020-08-06 14:29:58
 요청 처리 소요 시간 : 7ms
===========================================================
 접속한 클라이언트 IP : 0:0:0:0:0:0:0:1
 접근한 URL 경로 : /JSPBook/products.jsp
 요청 처리 시작 시간 : 2020-08-06 14:32:00
 요청 처리 종료 시간 : 2020-08-06 14:32:00
 요청 처리 소요 시간 : 39ms
===========================================================
 접속한 클라이언트 IP : 0:0:0:0:0:0:0:1
 접근한 URL 경로 : /JSPBook/product.jsp?id=P1234
 요청 처리 시작 시간 : 2020-08-06 14:32:03
 요청 처리 종료 시간 : 2020-08-06 14:32:03
 요청 처리 소요 시간 : 6ms
===========================================================
 접속한 클라이언트 IP : 0:0:0:0:0:0:0:1
 접근한 URL 경로 : /JSPBook/addCart.jsp?id=P1234
 요청 처리 시작 시간 : 2020-08-06 14:32:06
 요청 처리 종료 시간 : 2020-08-06 14:32:07
 요청 처리 소요 시간 : 557ms
===========================================================
 접속한 클라이언트 IP : 0:0:0:0:0:0:0:1
 접근한 URL 경로 : /JSPBook/product.jsp?id=P1234
 요청 처리 시작 시간 : 2020-08-06 14:32:07
 요청 처리 종료 시간 : 2020-08-06 14:32:07
 요청 처리 소요 시간 : 1ms
===========================================================
 접속한 클라이언트 IP : 0:0:0:0:0:0:0:1
 접근한 URL 경로 : /JSPBook/addCart.jsp?id=P1234
 요청 처리 시작 시간 : 2020-08-06 14:32:21
 요청 처리 종료 시간 : 2020-08-06 14:32:21
 요청 처리 소요 시간 : 1ms
===========================================================
 접속한 클라이언트 IP : 0:0:0:0:0:0:0:1
 접근한 URL 경로 : /JSPBook/product.jsp?id=P1234
 요청 처리 시작 시간 : 2020-08-06 14:32:21
 요청 처리 종료 시간 : 2020-08-06 14:32:21
 요청 처리 소요 시간 : 3ms
===========================================================
 접속한 클라이언트 IP : 0:0:0:0:0:0:0:1
 접근한 URL 경로 : /JSPBook/cart.jsp
 요청 처리 시작 시간 : 2020-08-06 14:32:57
 요청 처리 종료 시간 : 2020-08-06 14:32:57
 요청 처리 소요 시간 : 5ms
===========================================================
 접속한 클라이언트 IP : 0:0:0:0:0:0:0:1
 접근한 URL 경로 : /JSPBook/products.jsp
 요청 처리 시작 시간 : 2020-08-06 14:33:02
 요청 처리 종료 시간 : 2020-08-06 14:33:02
 요청 처리 소요 시간 : 2ms
===========================================================
 접속한 클라이언트 IP : 0:0:0:0:0:0:0:1
 접근한 URL 경로 : /JSPBook/product.jsp?id=P1235
 요청 처리 시작 시간 : 2020-08-06 14:33:03
 요청 처리 종료 시간 : 2020-08-06 14:33:03
 요청 처리 소요 시간 : 2ms
===========================================================
 접속한 클라이언트 IP : 0:0:0:0:0:0:0:1
 접근한 URL 경로 : /JSPBook/addCart.jsp?id=P1235
 요청 처리 시작 시간 : 2020-08-06 14:33:05
 요청 처리 종료 시간 : 2020-08-06 14:33:05
 요청 처리 소요 시간 : 100ms
===========================================================
 접속한 클라이언트 IP : 0:0:0:0:0:0:0:1
 접근한 URL 경로 : /JSPBook/product.jsp?id=P1235
 요청 처리 시작 시간 : 2020-08-06 14:33:05
 요청 처리 종료 시간 : 2020-08-06 14:33:05
 요청 처리 소요 시간 : 1ms
===========================================================
 접속한 클라이언트 IP : 0:0:0:0:0:0:0:1
 접근한 URL 경로 : /JSPBook/addCart.jsp?id=P1235
 요청 처리 시작 시간 : 2020-08-06 14:33:06
 요청 처리 종료 시간 : 2020-08-06 14:33:06
 요청 처리 소요 시간 : 0ms
===========================================================
 접속한 클라이언트 IP : 0:0:0:0:0:0:0:1
 접근한 URL 경로 : /JSPBook/product.jsp?id=P1235
 요청 처리 시작 시간 : 2020-08-06 14:33:06
 요청 처리 종료 시간 : 2020-08-06 14:33:06
 요청 처리 소요 시간 : 1ms
===========================================================
 접속한 클라이언트 IP : 0:0:0:0:0:0:0:1
 접근한 URL 경로 : /JSPBook/addCart.jsp?id=P1235
 요청 처리 시작 시간 : 2020-08-06 14:33:07
 요청 처리 종료 시간 : 2020-08-06 14:33:07
 요청 처리 소요 시간 : 0ms
===========================================================
 접속한 클라이언트 IP : 0:0:0:0:0:0:0:1
 접근한 URL 경로 : /JSPBook/product.jsp?id=P1235
 요청 처리 시작 시간 : 2020-08-06 14:33:07
 요청 처리 종료 시간 : 2020-08-06 14:33:07
 요청 처리 소요 시간 : 1ms
===========================================================
 접속한 클라이언트 IP : 0:0:0:0:0:0:0:1
 접근한 URL 경로 : /JSPBook/cart.jsp
 요청 처리 시작 시간 : 2020-08-06 14:33:08
 요청 처리 종료 시간 : 2020-08-06 14:33:08
 요청 처리 소요 시간 : 2ms
===========================================================
 접속한 클라이언트 IP : 0:0:0:0:0:0:0:1
 접근한 URL 경로 : /JSPBook/removeCart.jsp?id=P1235
 요청 처리 시작 시간 : 2020-08-06 14:33:10
 요청 처리 종료 시간 : 2020-08-06 14:33:10
 요청 처리 소요 시간 : 3ms
===========================================================
 접속한 클라이언트 IP : 0:0:0:0:0:0:0:1
 접근한 URL 경로 : /JSPBook/cart.jsp
 요청 처리 시작 시간 : 2020-08-06 14:33:10
 요청 처리 종료 시간 : 2020-08-06 14:33:10
 요청 처리 소요 시간 : 0ms
===========================================================
 접속한 클라이언트 IP : 0:0:0:0:0:0:0:1
 접근한 URL 경로 : /JSPBook/removeCart.jsp?id=P1234
 요청 처리 시작 시간 : 2020-08-06 14:33:11
 요청 처리 종료 시간 : 2020-08-06 14:33:11
 요청 처리 소요 시간 : 1ms
===========================================================
 접속한 클라이언트 IP : 0:0:0:0:0:0:0:1
 접근한 URL 경로 : /JSPBook/cart.jsp
 요청 처리 시작 시간 : 2020-08-06 14:33:11
 요청 처리 종료 시간 : 2020-08-06 14:33:11
 요청 처리 소요 시간 : 0ms
===========================================================
 접속한 클라이언트 IP : 0:0:0:0:0:0:0:1
 접근한 URL 경로 : /JSPBook/
 요청 처리 시작 시간 : 2020-08-07 11:53:34
 요청 처리 종료 시간 : 2020-08-07 11:53:35
 요청 처리 소요 시간 : 568ms
===========================================================
 접속한 클라이언트 IP : 0:0:0:0:0:0:0:1
 접근한 URL 경로 : /JSPBook/cart.jsp
 요청 처리 시작 시간 : 2020-08-07 11:53:37
 요청 처리 종료 시간 : 2020-08-07 11:53:37
 요청 처리 소요 시간 : 106ms
===========================================================
 접속한 클라이언트 IP : 0:0:0:0:0:0:0:1
 접근한 URL 경로 : /JSPBook/products.jsp
 요청 처리 시작 시간 : 2020-08-07 11:53:39
 요청 처리 종료 시간 : 2020-08-07 11:53:39
 요청 처리 소요 시간 : 101ms
===========================================================
 접속한 클라이언트 IP : 0:0:0:0:0:0:0:1
 접근한 URL 경로 : /JSPBook/product.jsp?id=P1234
 요청 처리 시작 시간 : 2020-08-07 11:53:42
 요청 처리 종료 시간 : 2020-08-07 11:53:42
 요청 처리 소요 시간 : 99ms
===========================================================
 접속한 클라이언트 IP : 0:0:0:0:0:0:0:1
 접근한 URL 경로 : /JSPBook/cart.jsp
 요청 처리 시작 시간 : 2020-08-07 11:54:49
 요청 처리 종료 시간 : 2020-08-07 11:54:49
 요청 처리 소요 시간 : 1ms
===========================================================
 접속한 클라이언트 IP : 0:0:0:0:0:0:0:1
 접근한 URL 경로 : /JSPBook/shippingInfo.jsp
 요청 처리 시작 시간 : 2020-08-07 13:14:23
 요청 처리 종료 시간 : 2020-08-07 13:14:24
 요청 처리 소요 시간 : 608ms
===========================================================
 접속한 클라이언트 IP : 0:0:0:0:0:0:0:1
 접근한 URL 경로 : /JSPBook/cart.jsp?cartId=null
 요청 처리 시작 시간 : 2020-08-07 13:14:36
 요청 처리 종료 시간 : 2020-08-07 13:14:37
 요청 처리 소요 시간 : 123ms
===========================================================
 접속한 클라이언트 IP : 0:0:0:0:0:0:0:1
 접근한 URL 경로 : /JSPBook/products.jsp
 요청 처리 시작 시간 : 2020-08-07 13:14:41
 요청 처리 종료 시간 : 2020-08-07 13:14:41
 요청 처리 소요 시간 : 9ms
===========================================================
 접속한 클라이언트 IP : 0:0:0:0:0:0:0:1
 접근한 URL 경로 : /JSPBook/product.jsp?id=P1234
 요청 처리 시작 시간 : 2020-08-07 13:14:43
 요청 처리 종료 시간 : 2020-08-07 13:14:43
 요청 처리 소요 시간 : 5ms
===========================================================
 접속한 클라이언트 IP : 0:0:0:0:0:0:0:1
 접근한 URL 경로 : /JSPBook/cart.jsp
 요청 처리 시작 시간 : 2020-08-07 13:14:43
 요청 처리 종료 시간 : 2020-08-07 13:14:43
 요청 처리 소요 시간 : 1ms
===========================================================
 접속한 클라이언트 IP : 0:0:0:0:0:0:0:1
 접근한 URL 경로 : /JSPBook/shippingInfo.jsp?cartId=864B335FDA39D07942776114EA9288F1
 요청 처리 시작 시간 : 2020-08-07 13:14:49
 요청 처리 종료 시간 : 2020-08-07 13:14:49
 요청 처리 소요 시간 : 1ms
===========================================================
 접속한 클라이언트 IP : 0:0:0:0:0:0:0:1
 접근한 URL 경로 : /JSPBook/
 요청 처리 시작 시간 : 2020-08-07 14:08:09
 요청 처리 종료 시간 : 2020-08-07 14:08:09
 요청 처리 소요 시간 : 37ms
===========================================================
 접속한 클라이언트 IP : 0:0:0:0:0:0:0:1
 접근한 URL 경로 : /JSPBook/products.jsp
 요청 처리 시작 시간 : 2020-08-07 14:08:12
 요청 처리 종료 시간 : 2020-08-07 14:08:12
 요청 처리 소요 시간 : 4ms
===========================================================
 접속한 클라이언트 IP : 0:0:0:0:0:0:0:1
 접근한 URL 경로 : /JSPBook/product.jsp?id=P1234
 요청 처리 시작 시간 : 2020-08-07 14:08:13
 요청 처리 종료 시간 : 2020-08-07 14:08:13
 요청 처리 소요 시간 : 6ms
===========================================================
 접속한 클라이언트 IP : 0:0:0:0:0:0:0:1
 접근한 URL 경로 : /JSPBook/addCart.jsp?id=P1234
 요청 처리 시작 시간 : 2020-08-07 14:08:16
 요청 처리 종료 시간 : 2020-08-07 14:08:17
 요청 처리 소요 시간 : 464ms
===========================================================
 접속한 클라이언트 IP : 0:0:0:0:0:0:0:1
 접근한 URL 경로 : /JSPBook/product.jsp?id=P1234
 요청 처리 시작 시간 : 2020-08-07 14:08:17
 요청 처리 종료 시간 : 2020-08-07 14:08:17
 요청 처리 소요 시간 : 1ms
===========================================================
 접속한 클라이언트 IP : 0:0:0:0:0:0:0:1
 접근한 URL 경로 : /JSPBook/cart.jsp
 요청 처리 시작 시간 : 2020-08-07 14:08:17
 요청 처리 종료 시간 : 2020-08-07 14:08:17
 요청 처리 소요 시간 : 5ms
===========================================================
 접속한 클라이언트 IP : 0:0:0:0:0:0:0:1
 접근한 URL 경로 : /JSPBook/shippingInfo.jsp?cartId=3ACA501FE98DB26292AB8F0E8FCE4BB4
 요청 처리 시작 시간 : 2020-08-07 14:08:19
 요청 처리 종료 시간 : 2020-08-07 14:08:19
 요청 처리 소요 시간 : 10ms
===========================================================
 접속한 클라이언트 IP : 0:0:0:0:0:0:0:1
 접근한 URL 경로 : /JSPBook/processShippingInfo.jsp
 요청 처리 시작 시간 : 2020-08-07 14:08:54
 요청 처리 종료 시간 : 2020-08-07 14:08:54
 요청 처리 소요 시간 : 92ms
===========================================================
 접속한 클라이언트 IP : 0:0:0:0:0:0:0:1
 접근한 URL 경로 : /JSPBook/orderConfirmation.jsp
 요청 처리 시작 시간 : 2020-08-07 14:08:54
 요청 처리 종료 시간 : 2020-08-07 14:08:54
 요청 처리 소요 시간 : 133ms
===========================================================
 접속한 클라이언트 IP : 0:0:0:0:0:0:0:1
 접근한 URL 경로 : /JSPBook/orderConfirmation.jsp
 요청 처리 시작 시간 : 2020-08-07 14:09:42
 요청 처리 종료 시간 : 2020-08-07 14:09:43
 요청 처리 소요 시간 : 127ms
===========================================================
 접속한 클라이언트 IP : 0:0:0:0:0:0:0:1
 접근한 URL 경로 : /JSPBook/thankCustomer.jsp
 요청 처리 시작 시간 : 2020-08-07 14:24:37
 요청 처리 종료 시간 : 2020-08-07 14:24:37
 요청 처리 소요 시간 : 173ms
===========================================================
 접속한 클라이언트 IP : 0:0:0:0:0:0:0:1
 접근한 URL 경로 : /JSPBook/product.jsp
 요청 처리 시작 시간 : 2020-08-07 14:24:52
 요청 처리 종료 시간 : 2020-08-07 14:24:52
 요청 처리 소요 시간 : 83ms
===========================================================
 접속한 클라이언트 IP : 0:0:0:0:0:0:0:1
 접근한 URL 경로 : /JSPBook/product.jsp
 요청 처리 시작 시간 : 2020-08-07 14:27:57
 요청 처리 종료 시간 : 2020-08-07 14:27:57
 요청 처리 소요 시간 : 4ms
===========================================================
 접속한 클라이언트 IP : 0:0:0:0:0:0:0:1
 접근한 URL 경로 : /JSPBook/products.jsp
 요청 처리 시작 시간 : 2020-08-07 14:27:59
 요청 처리 종료 시간 : 2020-08-07 14:27:59
 요청 처리 소요 시간 : 2ms
===========================================================
 접속한 클라이언트 IP : 0:0:0:0:0:0:0:1
 접근한 URL 경로 : /JSPBook/product.jsp?id=P1234
 요청 처리 시작 시간 : 2020-08-07 14:28:00
 요청 처리 종료 시간 : 2020-08-07 14:28:00
 요청 처리 소요 시간 : 0ms
===========================================================
 접속한 클라이언트 IP : 0:0:0:0:0:0:0:1
 접근한 URL 경로 : /JSPBook/cart.jsp
 요청 처리 시작 시간 : 2020-08-07 14:28:01
 요청 처리 종료 시간 : 2020-08-07 14:28:01
 요청 처리 소요 시간 : 1ms
===========================================================
 접속한 클라이언트 IP : 0:0:0:0:0:0:0:1
 접근한 URL 경로 : /JSPBook/shippingInfo.jsp?cartId=06368DBB7D8C6193254747AAB19B1ABB
 요청 처리 시작 시간 : 2020-08-07 14:28:04
 요청 처리 종료 시간 : 2020-08-07 14:28:04
 요청 처리 소요 시간 : 1ms
===========================================================
 접속한 클라이언트 IP : 0:0:0:0:0:0:0:1
 접근한 URL 경로 : /JSPBook/processShippingInfo.jsp
 요청 처리 시작 시간 : 2020-08-07 14:28:14
 요청 처리 종료 시간 : 2020-08-07 14:28:14
 요청 처리 소요 시간 : 1ms
===========================================================
 접속한 클라이언트 IP : 0:0:0:0:0:0:0:1
 접근한 URL 경로 : /JSPBook/orderConfirmation.jsp
 요청 처리 시작 시간 : 2020-08-07 14:28:14
 요청 처리 종료 시간 : 2020-08-07 14:28:14
 요청 처리 소요 시간 : 86ms
===========================================================
 접속한 클라이언트 IP : 0:0:0:0:0:0:0:1
 접근한 URL 경로 : /JSPBook/checkOutCancelled.jsp
 요청 처리 시작 시간 : 2020-08-07 14:28:20
 요청 처리 종료 시간 : 2020-08-07 14:28:20
 요청 처리 소요 시간 : 70ms
===========================================================
 접속한 클라이언트 IP : 0:0:0:0:0:0:0:1
 접근한 URL 경로 : /JSPBook/product.jsp
 요청 처리 시작 시간 : 2020-08-07 14:28:22
 요청 처리 종료 시간 : 2020-08-07 14:28:22
 요청 처리 소요 시간 : 2ms
===========================================================
 접속한 클라이언트 IP : 0:0:0:0:0:0:0:1
 접근한 URL 경로 : /JSPBook/products.jsp
 요청 처리 시작 시간 : 2020-08-07 14:28:33
 요청 처리 종료 시간 : 2020-08-07 14:28:33
 요청 처리 소요 시간 : 1ms
===========================================================
 접속한 클라이언트 IP : 0:0:0:0:0:0:0:1
 접근한 URL 경로 : /JSPBook/product.jsp?id=P1234
 요청 처리 시작 시간 : 2020-08-07 14:28:34
 요청 처리 종료 시간 : 2020-08-07 14:28:34
 요청 처리 소요 시간 : 1ms
===========================================================
 접속한 클라이언트 IP : 0:0:0:0:0:0:0:1
 접근한 URL 경로 : /JSPBook/addCart.jsp?id=P1234
 요청 처리 시작 시간 : 2020-08-07 14:28:35
 요청 처리 종료 시간 : 2020-08-07 14:28:35
 요청 처리 소요 시간 : 1ms
===========================================================
 접속한 클라이언트 IP : 0:0:0:0:0:0:0:1
 접근한 URL 경로 : /JSPBook/product.jsp?id=P1234
 요청 처리 시작 시간 : 2020-08-07 14:28:35
 요청 처리 종료 시간 : 2020-08-07 14:28:35
 요청 처리 소요 시간 : 0ms
===========================================================
 접속한 클라이언트 IP : 0:0:0:0:0:0:0:1
 접근한 URL 경로 : /JSPBook/addCart.jsp?id=P1234
 요청 처리 시작 시간 : 2020-08-07 14:28:36
 요청 처리 종료 시간 : 2020-08-07 14:28:36
 요청 처리 소요 시간 : 0ms
===========================================================
 접속한 클라이언트 IP : 0:0:0:0:0:0:0:1
 접근한 URL 경로 : /JSPBook/product.jsp?id=P1234
 요청 처리 시작 시간 : 2020-08-07 14:28:36
 요청 처리 종료 시간 : 2020-08-07 14:28:36
 요청 처리 소요 시간 : 0ms
===========================================================
 접속한 클라이언트 IP : 0:0:0:0:0:0:0:1
 접근한 URL 경로 : /JSPBook/addCart.jsp?id=P1234
 요청 처리 시작 시간 : 2020-08-07 14:28:37
 요청 처리 종료 시간 : 2020-08-07 14:28:37
 요청 처리 소요 시간 : 0ms
===========================================================
 접속한 클라이언트 IP : 0:0:0:0:0:0:0:1
 접근한 URL 경로 : /JSPBook/product.jsp?id=P1234
 요청 처리 시작 시간 : 2020-08-07 14:28:37
 요청 처리 종료 시간 : 2020-08-07 14:28:37
 요청 처리 소요 시간 : 1ms
===========================================================
 접속한 클라이언트 IP : 0:0:0:0:0:0:0:1
 접근한 URL 경로 : /JSPBook/products.jsp
 요청 처리 시작 시간 : 2020-08-07 14:28:38
 요청 처리 종료 시간 : 2020-08-07 14:28:38
 요청 처리 소요 시간 : 1ms
===========================================================
 접속한 클라이언트 IP : 0:0:0:0:0:0:0:1
 접근한 URL 경로 : /JSPBook/product.jsp?id=P1235
 요청 처리 시작 시간 : 2020-08-07 14:28:38
 요청 처리 종료 시간 : 2020-08-07 14:28:38
 요청 처리 소요 시간 : 0ms
===========================================================
 접속한 클라이언트 IP : 0:0:0:0:0:0:0:1
 접근한 URL 경로 : /JSPBook/addCart.jsp?id=P1235
 요청 처리 시작 시간 : 2020-08-07 14:28:39
 요청 처리 종료 시간 : 2020-08-07 14:28:39
 요청 처리 소요 시간 : 0ms
===========================================================
 접속한 클라이언트 IP : 0:0:0:0:0:0:0:1
 접근한 URL 경로 : /JSPBook/product.jsp?id=P1235
 요청 처리 시작 시간 : 2020-08-07 14:28:39
 요청 처리 종료 시간 : 2020-08-07 14:28:39
 요청 처리 소요 시간 : 1ms
===========================================================
 접속한 클라이언트 IP : 0:0:0:0:0:0:0:1
 접근한 URL 경로 : /JSPBook/addCart.jsp?id=P1235
 요청 처리 시작 시간 : 2020-08-07 14:28:39
 요청 처리 종료 시간 : 2020-08-07 14:28:39
 요청 처리 소요 시간 : 0ms
===========================================================
 접속한 클라이언트 IP : 0:0:0:0:0:0:0:1
 접근한 URL 경로 : /JSPBook/product.jsp?id=P1235
 요청 처리 시작 시간 : 2020-08-07 14:28:39
 요청 처리 종료 시간 : 2020-08-07 14:28:39
 요청 처리 소요 시간 : 0ms
===========================================================
 접속한 클라이언트 IP : 0:0:0:0:0:0:0:1
 접근한 URL 경로 : /JSPBook/addCart.jsp?id=P1235
 요청 처리 시작 시간 : 2020-08-07 14:28:40
 요청 처리 종료 시간 : 2020-08-07 14:28:40
 요청 처리 소요 시간 : 0ms
===========================================================
 접속한 클라이언트 IP : 0:0:0:0:0:0:0:1
 접근한 URL 경로 : /JSPBook/product.jsp?id=P1235
 요청 처리 시작 시간 : 2020-08-07 14:28:40
 요청 처리 종료 시간 : 2020-08-07 14:28:40
 요청 처리 소요 시간 : 0ms
===========================================================
 접속한 클라이언트 IP : 0:0:0:0:0:0:0:1
 접근한 URL 경로 : /JSPBook/products.jsp
 요청 처리 시작 시간 : 2020-08-07 14:28:40
 요청 처리 종료 시간 : 2020-08-07 14:28:40
 요청 처리 소요 시간 : 0ms
===========================================================
 접속한 클라이언트 IP : 0:0:0:0:0:0:0:1
 접근한 URL 경로 : /JSPBook/product.jsp?id=P1236
 요청 처리 시작 시간 : 2020-08-07 14:28:41
 요청 처리 종료 시간 : 2020-08-07 14:28:41
 요청 처리 소요 시간 : 0ms
===========================================================
 접속한 클라이언트 IP : 0:0:0:0:0:0:0:1
 접근한 URL 경로 : /JSPBook/addCart.jsp?id=P1236
 요청 처리 시작 시간 : 2020-08-07 14:28:43
 요청 처리 종료 시간 : 2020-08-07 14:28:43
 요청 처리 소요 시간 : 1ms
===========================================================
 접속한 클라이언트 IP : 0:0:0:0:0:0:0:1
 접근한 URL 경로 : /JSPBook/product.jsp?id=P1236
 요청 처리 시작 시간 : 2020-08-07 14:28:43
 요청 처리 종료 시간 : 2020-08-07 14:28:43
 요청 처리 소요 시간 : 1ms
===========================================================
 접속한 클라이언트 IP : 0:0:0:0:0:0:0:1
 접근한 URL 경로 : /JSPBook/addCart.jsp?id=P1236
 요청 처리 시작 시간 : 2020-08-07 14:28:44
 요청 처리 종료 시간 : 2020-08-07 14:28:44
 요청 처리 소요 시간 : 1ms
===========================================================
 접속한 클라이언트 IP : 0:0:0:0:0:0:0:1
 접근한 URL 경로 : /JSPBook/product.jsp?id=P1236
 요청 처리 시작 시간 : 2020-08-07 14:28:44
 요청 처리 종료 시간 : 2020-08-07 14:28:44
 요청 처리 소요 시간 : 0ms
===========================================================
 접속한 클라이언트 IP : 0:0:0:0:0:0:0:1
 접근한 URL 경로 : /JSPBook/cart.jsp
 요청 처리 시작 시간 : 2020-08-07 14:28:46
 요청 처리 종료 시간 : 2020-08-07 14:28:46
 요청 처리 소요 시간 : 1ms
===========================================================
 접속한 클라이언트 IP : 0:0:0:0:0:0:0:1
 접근한 URL 경로 : /JSPBook/shippingInfo.jsp?cartId=06368DBB7D8C6193254747AAB19B1ABB
 요청 처리 시작 시간 : 2020-08-07 14:28:48
 요청 처리 종료 시간 : 2020-08-07 14:28:48
 요청 처리 소요 시간 : 1ms
===========================================================
 접속한 클라이언트 IP : 0:0:0:0:0:0:0:1
 접근한 URL 경로 : /JSPBook/checkOutCancelled.jsp
 요청 처리 시작 시간 : 2020-08-07 14:28:49
 요청 처리 종료 시간 : 2020-08-07 14:28:49
 요청 처리 소요 시간 : 3ms
===========================================================
 접속한 클라이언트 IP : 0:0:0:0:0:0:0:1
 접근한 URL 경로 : /JSPBook/product.jsp
 요청 처리 시작 시간 : 2020-08-07 14:28:51
 요청 처리 종료 시간 : 2020-08-07 14:28:51
 요청 처리 소요 시간 : 2ms
===========================================================
 접속한 클라이언트 IP : 0:0:0:0:0:0:0:1
 접근한 URL 경로 : /JSPBook/shippingInfo.jsp?cartId=06368DBB7D8C6193254747AAB19B1ABB
 요청 처리 시작 시간 : 2020-08-07 14:29:07
 요청 처리 종료 시간 : 2020-08-07 14:29:07
 요청 처리 소요 시간 : 1ms
===========================================================
 접속한 클라이언트 IP : 0:0:0:0:0:0:0:1
 접근한 URL 경로 : /JSPBook/checkOutCancelled.jsp
 요청 처리 시작 시간 : 2020-08-07 14:29:29
 요청 처리 종료 시간 : 2020-08-07 14:29:29
 요청 처리 소요 시간 : 2ms
===========================================================
 접속한 클라이언트 IP : 0:0:0:0:0:0:0:1
 접근한 URL 경로 : /JSPBook/checkOutCancelled.jsp
 요청 처리 시작 시간 : 2020-08-07 14:29:51
 요청 처리 종료 시간 : 2020-08-07 14:29:51
 요청 처리 소요 시간 : 60ms
===========================================================
 접속한 클라이언트 IP : 0:0:0:0:0:0:0:1
 접근한 URL 경로 : /JSPBook/products.jsp
 요청 처리 시작 시간 : 2020-08-07 14:29:52
 요청 처리 종료 시간 : 2020-08-07 14:29:52
 요청 처리 소요 시간 : 1ms
===========================================================
 접속한 클라이언트 IP : 0:0:0:0:0:0:0:1
 접근한 URL 경로 : /JSPBook/cart.jsp
 요청 처리 시작 시간 : 2020-08-07 14:30:00
 요청 처리 종료 시간 : 2020-08-07 14:30:00
 요청 처리 소요 시간 : 1ms
===========================================================
 접속한 클라이언트 IP : 0:0:0:0:0:0:0:1
 접근한 URL 경로 : /JSPBook/shippingInfo.jsp?cartId=06368DBB7D8C6193254747AAB19B1ABB
 요청 처리 시작 시간 : 2020-08-07 14:30:02
 요청 처리 종료 시간 : 2020-08-07 14:30:02
 요청 처리 소요 시간 : 1ms
===========================================================
 접속한 클라이언트 IP : 0:0:0:0:0:0:0:1
 접근한 URL 경로 : /JSPBook/processShippingInfo.jsp
 요청 처리 시작 시간 : 2020-08-07 14:30:21
 요청 처리 종료 시간 : 2020-08-07 14:30:21
 요청 처리 소요 시간 : 1ms
===========================================================
 접속한 클라이언트 IP : 0:0:0:0:0:0:0:1
 접근한 URL 경로 : /JSPBook/orderConfirmation.jsp
 요청 처리 시작 시간 : 2020-08-07 14:30:21
 요청 처리 종료 시간 : 2020-08-07 14:30:21
 요청 처리 소요 시간 : 2ms
===========================================================
 접속한 클라이언트 IP : 0:0:0:0:0:0:0:1
 접근한 URL 경로 : /JSPBook/shippingInfo.jsp?cartId=06368DBB7D8C6193254747AAB19B1ABB
 요청 처리 시작 시간 : 2020-08-07 14:30:25
 요청 처리 종료 시간 : 2020-08-07 14:30:25
 요청 처리 소요 시간 : 2ms
===========================================================
 접속한 클라이언트 IP : 0:0:0:0:0:0:0:1
 접근한 URL 경로 : /JSPBook/processShippingInfo.jsp
 요청 처리 시작 시간 : 2020-08-07 14:30:29
 요청 처리 종료 시간 : 2020-08-07 14:30:29
 요청 처리 소요 시간 : 1ms
===========================================================
 접속한 클라이언트 IP : 0:0:0:0:0:0:0:1
 접근한 URL 경로 : /JSPBook/orderConfirmation.jsp
 요청 처리 시작 시간 : 2020-08-07 14:30:29
 요청 처리 종료 시간 : 2020-08-07 14:30:29
 요청 처리 소요 시간 : 2ms
===========================================================
 접속한 클라이언트 IP : 0:0:0:0:0:0:0:1
 접근한 URL 경로 : /JSPBook/shippingInfo.jsp?cartId=06368DBB7D8C6193254747AAB19B1ABB
 요청 처리 시작 시간 : 2020-08-07 14:30:33
 요청 처리 종료 시간 : 2020-08-07 14:30:33
 요청 처리 소요 시간 : 0ms
===========================================================
 접속한 클라이언트 IP : 0:0:0:0:0:0:0:1
 접근한 URL 경로 : /JSPBook/processShippingInfo.jsp
 요청 처리 시작 시간 : 2020-08-07 14:30:49
 요청 처리 종료 시간 : 2020-08-07 14:30:49
 요청 처리 소요 시간 : 2ms
===========================================================
 접속한 클라이언트 IP : 0:0:0:0:0:0:0:1
 접근한 URL 경로 : /JSPBook/orderConfirmation.jsp
 요청 처리 시작 시간 : 2020-08-07 14:30:49
 요청 처리 종료 시간 : 2020-08-07 14:30:49
 요청 처리 소요 시간 : 2ms
===========================================================
 접속한 클라이언트 IP : 0:0:0:0:0:0:0:1
 접근한 URL 경로 : /JSPBook/thankCustomer.jsp
 요청 처리 시작 시간 : 2020-08-07 14:30:52
 요청 처리 종료 시간 : 2020-08-07 14:30:52
 요청 처리 소요 시간 : 3ms
===========================================================
 접속한 클라이언트 IP : 0:0:0:0:0:0:0:1
 접근한 URL 경로 : /JSPBook/product.jsp
 요청 처리 시작 시간 : 2020-08-07 14:30:54
 요청 처리 종료 시간 : 2020-08-07 14:30:54
 요청 처리 소요 시간 : 3ms
===========================================================
 접속한 클라이언트 IP : 0:0:0:0:0:0:0:1
 접근한 URL 경로 : /JSPBook/products.jsp
 요청 처리 시작 시간 : 2020-08-07 14:31:07
 요청 처리 종료 시간 : 2020-08-07 14:31:07
 요청 처리 소요 시간 : 1ms
===========================================================
 접속한 클라이언트 IP : 0:0:0:0:0:0:0:1
 접근한 URL 경로 : /JSPBook/product.jsp?id=P1234
 요청 처리 시작 시간 : 2020-08-07 14:31:08
 요청 처리 종료 시간 : 2020-08-07 14:31:08
 요청 처리 소요 시간 : 1ms
===========================================================
 접속한 클라이언트 IP : 0:0:0:0:0:0:0:1
 접근한 URL 경로 : /JSPBook/cart.jsp
 요청 처리 시작 시간 : 2020-08-07 14:31:10
 요청 처리 종료 시간 : 2020-08-07 14:31:10
 요청 처리 소요 시간 : 1ms
===========================================================
 접속한 클라이언트 IP : 0:0:0:0:0:0:0:1
 접근한 URL 경로 : /JSPBook/shippingInfo.jsp?cartId=9E513246A4E39396420CC63A6F19A803
 요청 처리 시작 시간 : 2020-08-07 14:31:11
 요청 처리 종료 시간 : 2020-08-07 14:31:11
 요청 처리 소요 시간 : 1ms
===========================================================
 접속한 클라이언트 IP : 0:0:0:0:0:0:0:1
 접근한 URL 경로 : /JSPBook/processShippingInfo.jsp
 요청 처리 시작 시간 : 2020-08-07 14:31:13
 요청 처리 종료 시간 : 2020-08-07 14:31:13
 요청 처리 소요 시간 : 2ms
===========================================================
 접속한 클라이언트 IP : 0:0:0:0:0:0:0:1
 접근한 URL 경로 : /JSPBook/orderConfirmation.jsp
 요청 처리 시작 시간 : 2020-08-07 14:31:13
 요청 처리 종료 시간 : 2020-08-07 14:31:13
 요청 처리 소요 시간 : 1ms
===========================================================
 접속한 클라이언트 IP : 0:0:0:0:0:0:0:1
 접근한 URL 경로 : /JSPBook/thankCustomer.jsp
 요청 처리 시작 시간 : 2020-08-07 14:31:14
 요청 처리 종료 시간 : 2020-08-07 14:31:14
 요청 처리 소요 시간 : 85ms
===========================================================
 접속한 클라이언트 IP : 0:0:0:0:0:0:0:1
 접근한 URL 경로 : /JSPBook/products.jsp
 요청 처리 시작 시간 : 2020-08-07 14:31:16
 요청 처리 종료 시간 : 2020-08-07 14:31:16
 요청 처리 소요 시간 : 3ms
===========================================================
 접속한 클라이언트 IP : 0:0:0:0:0:0:0:1
 접근한 URL 경로 : /JSPBook/product.jsp?id=P1235
 요청 처리 시작 시간 : 2020-08-07 14:31:17
 요청 처리 종료 시간 : 2020-08-07 14:31:17
 요청 처리 소요 시간 : 1ms
===========================================================
 접속한 클라이언트 IP : 0:0:0:0:0:0:0:1
 접근한 URL 경로 : /JSPBook/cart.jsp
 요청 처리 시작 시간 : 2020-08-07 14:31:18
 요청 처리 종료 시간 : 2020-08-07 14:31:18
 요청 처리 소요 시간 : 1ms
===========================================================
 접속한 클라이언트 IP : 0:0:0:0:0:0:0:1
 접근한 URL 경로 : /JSPBook/shippingInfo.jsp?cartId=A2B570DD95703337D65433847FF2BC5D
 요청 처리 시작 시간 : 2020-08-07 14:31:20
 요청 처리 종료 시간 : 2020-08-07 14:31:20
 요청 처리 소요 시간 : 2ms
===========================================================
 접속한 클라이언트 IP : 0:0:0:0:0:0:0:1
 접근한 URL 경로 : /JSPBook/processShippingInfo.jsp
 요청 처리 시작 시간 : 2020-08-07 14:31:21
 요청 처리 종료 시간 : 2020-08-07 14:31:21
 요청 처리 소요 시간 : 1ms
===========================================================
 접속한 클라이언트 IP : 0:0:0:0:0:0:0:1
 접근한 URL 경로 : /JSPBook/orderConfirmation.jsp
 요청 처리 시작 시간 : 2020-08-07 14:31:21
 요청 처리 종료 시간 : 2020-08-07 14:31:21
 요청 처리 소요 시간 : 1ms
===========================================================
 접속한 클라이언트 IP : 0:0:0:0:0:0:0:1
 접근한 URL 경로 : /JSPBook/thankCustomer.jsp
 요청 처리 시작 시간 : 2020-08-07 14:31:22
 요청 처리 종료 시간 : 2020-08-07 14:31:22
 요청 처리 소요 시간 : 1ms
===========================================================
 접속한 클라이언트 IP : 0:0:0:0:0:0:0:1
 접근한 URL 경로 : /JSPBook/products.jsp
 요청 처리 시작 시간 : 2020-08-07 14:31:24
 요청 처리 종료 시간 : 2020-08-07 14:31:24
 요청 처리 소요 시간 : 1ms
===========================================================
